[ 2017-08-10T16:22:15+08:00 ] ::1 /IHG/index.php/home/index/index?category=%E4%B8%AD%E9%A4%90
INFO: [ app_init ] --START--
INFO: Run Behavior\BuildLiteBehavior [ RunTime:0.000161s ]
INFO: [ app_init ] --END-- [ RunTime:0.178774s ]
INFO: [ app_begin ] --START--
INFO: Run Behavior\ReadHtmlCacheBehavior [ RunTime:0.120620s ]
INFO: [ app_begin ] --END-- [ RunTime:0.121382s ]
NOTIC: [8] Undefined index: title E:\WAMPSERVER\wamp\www\IHG\Application\Home\Controller\IndexController.class.php 第 7 行.
NOTIC: [8] Undefined index: p E:\WAMPSERVER\wamp\www\IHG\Application\Home\Controller\IndexController.class.php 第 8 行.
NOTIC: [8192] mysql_connect(): The mysql extension is deprecated and will be removed in the future: use mysqli or PDO instead E:\WAMPSERVER\wamp\www\IHG\ThinkPHP\Library\Think\Db\Driver\Mysql.class.php 第 52 行.
SQL: SHOW COLUMNS FROM `ihg_page` [ RunTime:0.334473s ]
ERR: 1146:La table 't1.ihg_page' n'existe pas
 [ SQL语句 ] : SHOW COLUMNS FROM `ihg_page`
SQL: SHOW COLUMNS FROM `ihg_menu` [ RunTime:0.029899s ]
SQL: SELECT COUNT(*) AS tp_count FROM `ihg_menu` WHERE ( category="中餐" ) LIMIT 1   [ RunTime:0.001015s ]
SQL: SHOW COLUMNS FROM `ihg_position` [ RunTime:0.053977s ]
SQL: SELECT * FROM `ihg_position` ORDER BY menu_id desc LIMIT 2   [ RunTime:0.001185s ]
SQL: SELECT * FROM `ihg_menu` WHERE ( category="中餐" ) LIMIT 0,8   [ RunTime:0.001473s ]
SQL: SHOW COLUMNS FROM `ihg_nav` [ RunTime:0.014472s ]
SQL: SELECT * FROM `ihg_nav`  [ RunTime:0.000749s ]
INFO: [ view_parse ] --START--
INFO: [ template_filter ] --START--
INFO: Run Behavior\ContentReplaceBehavior [ RunTime:0.000726s ]
INFO: [ template_filter ] --END-- [ RunTime:0.001848s ]
INFO: Run Behavior\ParseTemplateBehavior [ RunTime:0.588484s ]
INFO: [ view_parse ] --END-- [ RunTime:0.589198s ]
INFO: [ view_filter ] --START--
INFO: Run Behavior\WriteHtmlCacheBehavior [ RunTime:0.099872s ]
INFO: [ view_filter ] --END-- [ RunTime:0.100631s ]
INFO: [ app_end ] --START--
INFO: Run Behavior\ShowPageTraceBehavior [ RunTime:0.082800s ]
INFO: [ app_end ] --END-- [ RunTime:0.083585s ]

[ 2017-08-10T16:22:17+08:00 ] ::1 /IHG/admin.php
INFO: [ app_init ] --START--
INFO: Run Behavior\BuildLiteBehavior [ RunTime:0.000155s ]
INFO: [ app_init ] --END-- [ RunTime:0.178795s ]
INFO: [ app_begin ] --START--
INFO: Run Behavior\ReadHtmlCacheBehavior [ RunTime:0.120566s ]
INFO: [ app_begin ] --END-- [ RunTime:0.121333s ]
NOTIC: [8] Undefined index: p E:\WAMPSERVER\wamp\www\IHG\Application\Admin\Controller\IndexController.class.php 第 10 行.
NOTIC: [8] Undefined index: position E:\WAMPSERVER\wamp\www\IHG\Application\Admin\Controller\IndexController.class.php 第 11 行.
NOTIC: [8192] mysql_connect(): The mysql extension is deprecated and will be removed in the future: use mysqli or PDO instead E:\WAMPSERVER\wamp\www\IHG\ThinkPHP\Library\Think\Db\Driver\Mysql.class.php 第 52 行.
SQL: SHOW COLUMNS FROM `ihg_menu` [ RunTime:0.064188s ]
SQL: SELECT * FROM `ihg_menu` ORDER BY menu_id desc LIMIT 0,5   [ RunTime:0.002181s ]
SQL: SHOW COLUMNS FROM `ihg_page` [ RunTime:0.018421s ]
ERR: 1146:La table 't1.ihg_page' n'existe pas
 [ SQL语句 ] : SHOW COLUMNS FROM `ihg_page`
SQL: SELECT COUNT(*) AS tp_count FROM `ihg_menu` LIMIT 1   [ RunTime:0.001061s ]
INFO: [ view_parse ] --START--
INFO: [ template_filter ] --START--
INFO: Run Behavior\ContentReplaceBehavior [ RunTime:0.000489s ]
INFO: [ template_filter ] --END-- [ RunTime:0.001235s ]
INFO: Run Behavior\ParseTemplateBehavior [ RunTime:0.939664s ]
INFO: [ view_parse ] --END-- [ RunTime:0.940418s ]
INFO: [ view_filter ] --START--
INFO: Run Behavior\WriteHtmlCacheBehavior [ RunTime:0.003101s ]
INFO: [ view_filter ] --END-- [ RunTime:0.003995s ]
INFO: [ app_end ] --START--
INFO: Run Behavior\ShowPageTraceBehavior [ RunTime:0.004660s ]
INFO: [ app_end ] --END-- [ RunTime:0.005370s ]

[ 2017-08-10T22:08:50+08:00 ] ::1 /IHG/index.php/home/content/show/id/3
INFO: [ app_init ] --START--
INFO: Run Behavior\BuildLiteBehavior [ RunTime:0.000140s ]
INFO: [ app_init ] --END-- [ RunTime:0.003674s ]
INFO: [ app_begin ] --START--
INFO: Run Behavior\ReadHtmlCacheBehavior [ RunTime:0.013560s ]
INFO: [ app_begin ] --END-- [ RunTime:0.014106s ]
NOTIC: [2048] Declaration of Home\Controller\ContentController::show() should be compatible with Think\Controller::show($content, $charset = '', $contentType = '', $prefix = '') E:\WAMPSERVER\wamp\www\IHG\Application\Home\Controller\ContentController.class.php 第 42 行.
NOTIC: [8192] mysql_connect(): The mysql extension is deprecated and will be removed in the future: use mysqli or PDO instead E:\WAMPSERVER\wamp\www\IHG\ThinkPHP\Library\Think\Db\Driver\Mysql.class.php 第 52 行.
SQL: SHOW COLUMNS FROM `ihg_menu` [ RunTime:0.019982s ]
SQL: SELECT * FROM `ihg_menu` WHERE ( menu_id=3 ) LIMIT 1   [ RunTime:0.002757s ]
SQL: SHOW COLUMNS FROM `ihg_comment` [ RunTime:0.018388s ]
SQL: SELECT * FROM `ihg_comment` WHERE ( menu_id=3 ) ORDER BY time desc  [ RunTime:0.001216s ]
SQL: SHOW COLUMNS FROM `ihg_nav` [ RunTime:0.020187s ]
SQL: SELECT * FROM `ihg_nav`  [ RunTime:0.001369s ]
INFO: [ view_parse ] --START--
INFO: [ template_filter ] --START--
INFO: Run Behavior\ContentReplaceBehavior [ RunTime:0.001215s ]
INFO: [ template_filter ] --END-- [ RunTime:0.002634s ]
INFO: Run Behavior\ParseTemplateBehavior [ RunTime:0.131856s ]
INFO: [ view_parse ] --END-- [ RunTime:0.132664s ]
INFO: [ view_filter ] --START--
INFO: Run Behavior\WriteHtmlCacheBehavior [ RunTime:0.024565s ]
INFO: [ view_filter ] --END-- [ RunTime:0.025606s ]
INFO: [ app_end ] --START--
INFO: Run Behavior\ShowPageTraceBehavior [ RunTime:0.008469s ]
INFO: [ app_end ] --END-- [ RunTime:0.009221s ]

[ 2017-08-10T22:09:21+08:00 ] ::1 /IHG/admin.php/admin/index/comment
INFO: [ app_init ] --START--
INFO: Run Behavior\BuildLiteBehavior [ RunTime:0.000090s ]
INFO: [ app_init ] --END-- [ RunTime:0.001671s ]
INFO: [ app_begin ] --START--
INFO: Run Behavior\ReadHtmlCacheBehavior [ RunTime:0.003054s ]
INFO: [ app_begin ] --END-- [ RunTime:0.003642s ]
NOTIC: [8] Undefined index: p E:\WAMPSERVER\wamp\www\IHG\Application\Admin\Controller\IndexController.class.php 第 52 行.
NOTIC: [8] Undefined index: search E:\WAMPSERVER\wamp\www\IHG\Application\Admin\Controller\IndexController.class.php 第 53 行.
NOTIC: [8192] mysql_connect(): The mysql extension is deprecated and will be removed in the future: use mysqli or PDO instead E:\WAMPSERVER\wamp\www\IHG\ThinkPHP\Library\Think\Db\Driver\Mysql.class.php 第 52 行.
SQL: SHOW COLUMNS FROM `ihg_page` [ RunTime:0.079125s ]
ERR: 1146:La table 't1.ihg_page' n'existe pas
 [ SQL语句 ] : SHOW COLUMNS FROM `ihg_page`
SQL: SHOW COLUMNS FROM `ihg_comment` [ RunTime:0.225649s ]
SQL: SELECT COUNT(*) AS tp_count FROM `ihg_comment` LIMIT 1   [ RunTime:0.000769s ]
SQL: SHOW COLUMNS FROM `ihg_menu` [ RunTime:0.013443s ]
SQL: SELECT * FROM `ihg_menu`  [ RunTime:0.001827s ]
SQL: SELECT * FROM `ihg_comment` ORDER BY time desc LIMIT 0,15   [ RunTime:0.001079s ]
INFO: [ view_parse ] --START--
INFO: [ template_filter ] --START--
INFO: Run Behavior\ContentReplaceBehavior [ RunTime:0.000279s ]
INFO: [ template_filter ] --END-- [ RunTime:0.000736s ]
INFO: Run Behavior\ParseTemplateBehavior [ RunTime:0.066445s ]
INFO: [ view_parse ] --END-- [ RunTime:0.066901s ]
INFO: [ view_filter ] --START--
INFO: Run Behavior\WriteHtmlCacheBehavior [ RunTime:0.001918s ]
INFO: [ view_filter ] --END-- [ RunTime:0.002303s ]
INFO: [ app_end ] --START--
INFO: Run Behavior\ShowPageTraceBehavior [ RunTime:0.002528s ]
INFO: [ app_end ] --END-- [ RunTime:0.003200s ]

[ 2017-08-10T22:18:33+08:00 ] ::1 /IHG/admin.php
INFO: [ app_init ] --START--
INFO: Run Behavior\BuildLiteBehavior [ RunTime:0.000091s ]
INFO: [ app_init ] --END-- [ RunTime:0.001730s ]
INFO: [ app_begin ] --START--
INFO: Run Behavior\ReadHtmlCacheBehavior [ RunTime:0.002862s ]
INFO: [ app_begin ] --END-- [ RunTime:0.003363s ]
NOTIC: [8] Undefined index: p E:\WAMPSERVER\wamp\www\IHG\Application\Admin\Controller\IndexController.class.php 第 10 行.
NOTIC: [8] Undefined index: position E:\WAMPSERVER\wamp\www\IHG\Application\Admin\Controller\IndexController.class.php 第 11 行.
NOTIC: [8192] mysql_connect(): The mysql extension is deprecated and will be removed in the future: use mysqli or PDO instead E:\WAMPSERVER\wamp\www\IHG\ThinkPHP\Library\Think\Db\Driver\Mysql.class.php 第 52 行.
SQL: SHOW COLUMNS FROM `ihg_menu` [ RunTime:0.079818s ]
SQL: SELECT * FROM `ihg_menu` ORDER BY menu_id desc LIMIT 0,5   [ RunTime:0.002157s ]
SQL: SHOW COLUMNS FROM `ihg_page` [ RunTime:0.101097s ]
ERR: 1146:La table 't1.ihg_page' n'existe pas
 [ SQL语句 ] : SHOW COLUMNS FROM `ihg_page`
SQL: SELECT COUNT(*) AS tp_count FROM `ihg_menu` LIMIT 1   [ RunTime:0.000972s ]
INFO: [ view_parse ] --START--
INFO: [ template_filter ] --START--
INFO: Run Behavior\ContentReplaceBehavior [ RunTime:0.000292s ]
INFO: [ template_filter ] --END-- [ RunTime:0.000712s ]
INFO: Run Behavior\ParseTemplateBehavior [ RunTime:0.151895s ]
INFO: [ view_parse ] --END-- [ RunTime:0.152554s ]
INFO: [ view_filter ] --START--
INFO: Run Behavior\WriteHtmlCacheBehavior [ RunTime:0.001980s ]
INFO: [ view_filter ] --END-- [ RunTime:0.002376s ]
INFO: [ app_end ] --START--
INFO: Run Behavior\ShowPageTraceBehavior [ RunTime:0.005049s ]
INFO: [ app_end ] --END-- [ RunTime:0.005628s ]

[ 2017-08-10T22:34:55+08:00 ] ::1 /IHG/admin.php/Admin/Index/index/p/2.html
INFO: [ app_init ] --START--
INFO: Run Behavior\BuildLiteBehavior [ RunTime:0.000199s ]
INFO: [ app_init ] --END-- [ RunTime:0.002355s ]
INFO: [ app_begin ] --START--
INFO: Run Behavior\ReadHtmlCacheBehavior [ RunTime:0.002478s ]
INFO: [ app_begin ] --END-- [ RunTime:0.002924s ]
NOTIC: [8] Undefined index: position E:\WAMPSERVER\wamp\www\IHG\Application\Admin\Controller\IndexController.class.php 第 11 行.
NOTIC: [8192] mysql_connect(): The mysql extension is deprecated and will be removed in the future: use mysqli or PDO instead E:\WAMPSERVER\wamp\www\IHG\ThinkPHP\Library\Think\Db\Driver\Mysql.class.php 第 52 行.
SQL: SHOW COLUMNS FROM `ihg_menu` [ RunTime:0.085828s ]
SQL: SELECT * FROM `ihg_menu` ORDER BY menu_id desc LIMIT 5,5   [ RunTime:0.001659s ]
SQL: SHOW COLUMNS FROM `ihg_page` [ RunTime:0.156823s ]
ERR: 1146:La table 't1.ihg_page' n'existe pas
 [ SQL语句 ] : SHOW COLUMNS FROM `ihg_page`
SQL: SELECT COUNT(*) AS tp_count FROM `ihg_menu` LIMIT 1   [ RunTime:0.001104s ]
INFO: [ view_parse ] --START--
INFO: [ template_filter ] --START--
INFO: Run Behavior\ContentReplaceBehavior [ RunTime:0.000288s ]
INFO: [ template_filter ] --END-- [ RunTime:0.000702s ]
INFO: Run Behavior\ParseTemplateBehavior [ RunTime:0.045286s ]
INFO: [ view_parse ] --END-- [ RunTime:0.045727s ]
INFO: [ view_filter ] --START--
INFO: Run Behavior\WriteHtmlCacheBehavior [ RunTime:0.002370s ]
INFO: [ view_filter ] --END-- [ RunTime:0.002772s ]
INFO: [ app_end ] --START--
INFO: Run Behavior\ShowPageTraceBehavior [ RunTime:0.006001s ]
INFO: [ app_end ] --END-- [ RunTime:0.006426s ]

[ 2017-08-10T22:34:59+08:00 ] ::1 /IHG/admin.php/Admin/Index/index/p/3.html
INFO: [ app_init ] --START--
INFO: Run Behavior\BuildLiteBehavior [ RunTime:0.000157s ]
INFO: [ app_init ] --END-- [ RunTime:0.002918s ]
INFO: [ app_begin ] --START--
INFO: Run Behavior\ReadHtmlCacheBehavior [ RunTime:0.004063s ]
INFO: [ app_begin ] --END-- [ RunTime:0.004875s ]
NOTIC: [8] Undefined index: position E:\WAMPSERVER\wamp\www\IHG\Application\Admin\Controller\IndexController.class.php 第 11 行.
NOTIC: [8192] mysql_connect(): The mysql extension is deprecated and will be removed in the future: use mysqli or PDO instead E:\WAMPSERVER\wamp\www\IHG\ThinkPHP\Library\Think\Db\Driver\Mysql.class.php 第 52 行.
SQL: SHOW COLUMNS FROM `ihg_menu` [ RunTime:0.088940s ]
SQL: SELECT * FROM `ihg_menu` ORDER BY menu_id desc LIMIT 10,5   [ RunTime:0.001768s ]
SQL: SHOW COLUMNS FROM `ihg_page` [ RunTime:0.133090s ]
ERR: 1146:La table 't1.ihg_page' n'existe pas
 [ SQL语句 ] : SHOW COLUMNS FROM `ihg_page`
SQL: SELECT COUNT(*) AS tp_count FROM `ihg_menu` LIMIT 1   [ RunTime:0.000833s ]
INFO: [ view_parse ] --START--
INFO: [ template_filter ] --START--
INFO: Run Behavior\ContentReplaceBehavior [ RunTime:0.000292s ]
INFO: [ template_filter ] --END-- [ RunTime:0.000714s ]
INFO: Run Behavior\ParseTemplateBehavior [ RunTime:0.048792s ]
INFO: [ view_parse ] --END-- [ RunTime:0.049281s ]
INFO: [ view_filter ] --START--
INFO: Run Behavior\WriteHtmlCacheBehavior [ RunTime:0.001862s ]
INFO: [ view_filter ] --END-- [ RunTime:0.002251s ]
INFO: [ app_end ] --START--
INFO: Run Behavior\ShowPageTraceBehavior [ RunTime:0.002454s ]
INFO: [ app_end ] --END-- [ RunTime:0.002851s ]

[ 2017-08-10T22:35:04+08:00 ] ::1 /IHG/admin.php/Admin/Index/index/p/2.html
INFO: [ app_init ] --START--
INFO: Run Behavior\BuildLiteBehavior [ RunTime:0.000089s ]
INFO: [ app_init ] --END-- [ RunTime:0.001621s ]
INFO: [ app_begin ] --START--
INFO: Run Behavior\ReadHtmlCacheBehavior [ RunTime:0.003102s ]
INFO: [ app_begin ] --END-- [ RunTime:0.003814s ]
NOTIC: [8] Undefined index: position E:\WAMPSERVER\wamp\www\IHG\Application\Admin\Controller\IndexController.class.php 第 11 行.
NOTIC: [8192] mysql_connect(): The mysql extension is deprecated and will be removed in the future: use mysqli or PDO instead E:\WAMPSERVER\wamp\www\IHG\ThinkPHP\Library\Think\Db\Driver\Mysql.class.php 第 52 行.
SQL: SHOW COLUMNS FROM `ihg_menu` [ RunTime:0.171472s ]
SQL: SELECT * FROM `ihg_menu` ORDER BY menu_id desc LIMIT 5,5   [ RunTime:0.001586s ]
SQL: SHOW COLUMNS FROM `ihg_page` [ RunTime:0.106546s ]
ERR: 1146:La table 't1.ihg_page' n'existe pas
 [ SQL语句 ] : SHOW COLUMNS FROM `ihg_page`
SQL: SELECT COUNT(*) AS tp_count FROM `ihg_menu` LIMIT 1   [ RunTime:0.000767s ]
INFO: [ view_parse ] --START--
INFO: [ template_filter ] --START--
INFO: Run Behavior\ContentReplaceBehavior [ RunTime:0.000298s ]
INFO: [ template_filter ] --END-- [ RunTime:0.000717s ]
INFO: Run Behavior\ParseTemplateBehavior [ RunTime:0.047466s ]
INFO: [ view_parse ] --END-- [ RunTime:0.047905s ]
INFO: [ view_filter ] --START--
INFO: Run Behavior\WriteHtmlCacheBehavior [ RunTime:0.001860s ]
INFO: [ view_filter ] --END-- [ RunTime:0.002248s ]
INFO: [ app_end ] --START--
INFO: Run Behavior\ShowPageTraceBehavior [ RunTime:0.003757s ]
INFO: [ app_end ] --END-- [ RunTime:0.004433s ]

[ 2017-08-10T22:35:06+08:00 ] ::1 /IHG/admin.php/Admin/Index/index/p/1.html
INFO: [ app_init ] --START--
INFO: Run Behavior\BuildLiteBehavior [ RunTime:0.000184s ]
INFO: [ app_init ] --END-- [ RunTime:0.002219s ]
INFO: [ app_begin ] --START--
INFO: Run Behavior\ReadHtmlCacheBehavior [ RunTime:0.002686s ]
INFO: [ app_begin ] --END-- [ RunTime:0.003189s ]
NOTIC: [8] Undefined index: position E:\WAMPSERVER\wamp\www\IHG\Application\Admin\Controller\IndexController.class.php 第 11 行.
NOTIC: [8192] mysql_connect(): The mysql extension is deprecated and will be removed in the future: use mysqli or PDO instead E:\WAMPSERVER\wamp\www\IHG\ThinkPHP\Library\Think\Db\Driver\Mysql.class.php 第 52 行.
SQL: SHOW COLUMNS FROM `ihg_menu` [ RunTime:0.075125s ]
SQL: SELECT * FROM `ihg_menu` ORDER BY menu_id desc LIMIT 0,5   [ RunTime:0.001523s ]
SQL: SHOW COLUMNS FROM `ihg_page` [ RunTime:0.117962s ]
ERR: 1146:La table 't1.ihg_page' n'existe pas
 [ SQL语句 ] : SHOW COLUMNS FROM `ihg_page`
SQL: SELECT COUNT(*) AS tp_count FROM `ihg_menu` LIMIT 1   [ RunTime:0.000740s ]
INFO: [ view_parse ] --START--
INFO: [ template_filter ] --START--
INFO: Run Behavior\ContentReplaceBehavior [ RunTime:0.000299s ]
INFO: [ template_filter ] --END-- [ RunTime:0.000717s ]
INFO: Run Behavior\ParseTemplateBehavior [ RunTime:0.047331s ]
INFO: [ view_parse ] --END-- [ RunTime:0.048102s ]
INFO: [ view_filter ] --START--
INFO: Run Behavior\WriteHtmlCacheBehavior [ RunTime:0.003145s ]
INFO: [ view_filter ] --END-- [ RunTime:0.003794s ]
INFO: [ app_end ] --START--
INFO: Run Behavior\ShowPageTraceBehavior [ RunTime:0.004280s ]
INFO: [ app_end ] --END-- [ RunTime:0.004724s ]

[ 2017-08-10T22:35:09+08:00 ] ::1 /IHG/admin.php/admin/index/index/position/1
INFO: [ app_init ] --START--
INFO: Run Behavior\BuildLiteBehavior [ RunTime:0.000094s ]
INFO: [ app_init ] --END-- [ RunTime:0.002832s ]
INFO: [ app_begin ] --START--
INFO: Run Behavior\ReadHtmlCacheBehavior [ RunTime:0.002431s ]
INFO: [ app_begin ] --END-- [ RunTime:0.002863s ]
NOTIC: [8] Undefined index: p E:\WAMPSERVER\wamp\www\IHG\Application\Admin\Controller\IndexController.class.php 第 10 行.
NOTIC: [8192] mysql_connect(): The mysql extension is deprecated and will be removed in the future: use mysqli or PDO instead E:\WAMPSERVER\wamp\www\IHG\ThinkPHP\Library\Think\Db\Driver\Mysql.class.php 第 52 行.
SQL: SHOW COLUMNS FROM `ihg_position` [ RunTime:0.111910s ]
SQL: SELECT * FROM `ihg_position` ORDER BY menu_id desc LIMIT 0,5   [ RunTime:0.001259s ]
SQL: SHOW COLUMNS FROM `ihg_page` [ RunTime:0.120398s ]
ERR: 1146:La table 't1.ihg_page' n'existe pas
 [ SQL语句 ] : SHOW COLUMNS FROM `ihg_page`
SQL: SELECT COUNT(*) AS tp_count FROM `ihg_position` LIMIT 1   [ RunTime:0.000804s ]
INFO: [ view_parse ] --START--
INFO: [ template_filter ] --START--
INFO: Run Behavior\ContentReplaceBehavior [ RunTime:0.000382s ]
INFO: [ template_filter ] --END-- [ RunTime:0.000845s ]
INFO: Run Behavior\ParseTemplateBehavior [ RunTime:0.052966s ]
INFO: [ view_parse ] --END-- [ RunTime:0.053548s ]
INFO: [ view_filter ] --START--
INFO: Run Behavior\WriteHtmlCacheBehavior [ RunTime:0.001876s ]
INFO: [ view_filter ] --END-- [ RunTime:0.002262s ]
INFO: [ app_end ] --START--
INFO: Run Behavior\ShowPageTraceBehavior [ RunTime:0.004164s ]
INFO: [ app_end ] --END-- [ RunTime:0.005149s ]

[ 2017-08-10T22:35:11+08:00 ] ::1 /IHG/admin.php/admin/index/comment
INFO: [ app_init ] --START--
INFO: Run Behavior\BuildLiteBehavior [ RunTime:0.000143s ]
INFO: [ app_init ] --END-- [ RunTime:0.002934s ]
INFO: [ app_begin ] --START--
INFO: Run Behavior\ReadHtmlCacheBehavior [ RunTime:0.003349s ]
INFO: [ app_begin ] --END-- [ RunTime:0.003799s ]
NOTIC: [8] Undefined index: p E:\WAMPSERVER\wamp\www\IHG\Application\Admin\Controller\IndexController.class.php 第 52 行.
NOTIC: [8] Undefined index: search E:\WAMPSERVER\wamp\www\IHG\Application\Admin\Controller\IndexController.class.php 第 53 行.
NOTIC: [8192] mysql_connect(): The mysql extension is deprecated and will be removed in the future: use mysqli or PDO instead E:\WAMPSERVER\wamp\www\IHG\ThinkPHP\Library\Think\Db\Driver\Mysql.class.php 第 52 行.
SQL: SHOW COLUMNS FROM `ihg_page` [ RunTime:0.098163s ]
ERR: 1146:La table 't1.ihg_page' n'existe pas
 [ SQL语句 ] : SHOW COLUMNS FROM `ihg_page`
SQL: SHOW COLUMNS FROM `ihg_comment` [ RunTime:0.185382s ]
SQL: SELECT COUNT(*) AS tp_count FROM `ihg_comment` LIMIT 1   [ RunTime:0.000963s ]
SQL: SHOW COLUMNS FROM `ihg_menu` [ RunTime:0.180660s ]
SQL: SELECT * FROM `ihg_menu`  [ RunTime:0.002515s ]
SQL: SELECT * FROM `ihg_comment` ORDER BY time desc LIMIT 0,15   [ RunTime:0.001140s ]
INFO: [ view_parse ] --START--
INFO: [ template_filter ] --START--
INFO: Run Behavior\ContentReplaceBehavior [ RunTime:0.000279s ]
INFO: [ template_filter ] --END-- [ RunTime:0.000709s ]
INFO: Run Behavior\ParseTemplateBehavior [ RunTime:0.040391s ]
INFO: [ view_parse ] --END-- [ RunTime:0.040906s ]
INFO: [ view_filter ] --START--
INFO: Run Behavior\WriteHtmlCacheBehavior [ RunTime:0.003008s ]
INFO: [ view_filter ] --END-- [ RunTime:0.003593s ]
INFO: [ app_end ] --START--
INFO: Run Behavior\ShowPageTraceBehavior [ RunTime:0.002978s ]
INFO: [ app_end ] --END-- [ RunTime:0.003540s ]

[ 2017-08-10T22:35:21+08:00 ] ::1 /IHG/admin.php/admin/login/loginout
INFO: [ app_init ] --START--
INFO: Run Behavior\BuildLiteBehavior [ RunTime:0.000088s ]
INFO: [ app_init ] --END-- [ RunTime:0.001632s ]
INFO: [ app_begin ] --START--
INFO: Run Behavior\ReadHtmlCacheBehavior [ RunTime:0.002401s ]
INFO: [ app_begin ] --END-- [ RunTime:0.002833s ]
INFO: [ view_parse ] --START--
INFO: [ template_filter ] --START--
INFO: Run Behavior\ContentReplaceBehavior [ RunTime:0.000323s ]
INFO: [ template_filter ] --END-- [ RunTime:0.000832s ]
INFO: Run Behavior\ParseTemplateBehavior [ RunTime:0.119879s ]
INFO: [ view_parse ] --END-- [ RunTime:0.120654s ]
INFO: [ view_filter ] --START--
INFO: Run Behavior\WriteHtmlCacheBehavior [ RunTime:0.002480s ]
INFO: [ view_filter ] --END-- [ RunTime:0.003027s ]
INFO: [ app_end ] --START--
INFO: Run Behavior\ShowPageTraceBehavior [ RunTime:0.003999s ]
INFO: [ app_end ] --END-- [ RunTime:0.004713s ]

[ 2017-08-10T22:35:22+08:00 ] ::1 /IHG/admin.php/admin/login/index.html
INFO: [ app_init ] --START--
INFO: Run Behavior\BuildLiteBehavior [ RunTime:0.000139s ]
INFO: [ app_init ] --END-- [ RunTime:0.001774s ]
INFO: [ app_begin ] --START--
INFO: Run Behavior\ReadHtmlCacheBehavior [ RunTime:0.002430s ]
INFO: [ app_begin ] --END-- [ RunTime:0.002863s ]
INFO: [ view_parse ] --START--
INFO: [ template_filter ] --START--
INFO: Run Behavior\ContentReplaceBehavior [ RunTime:0.000245s ]
INFO: [ template_filter ] --END-- [ RunTime:0.000667s ]
INFO: Run Behavior\ParseTemplateBehavior [ RunTime:0.050040s ]
INFO: [ view_parse ] --END-- [ RunTime:0.050551s ]
INFO: [ view_filter ] --START--
INFO: Run Behavior\WriteHtmlCacheBehavior [ RunTime:0.002515s ]
INFO: [ view_filter ] --END-- [ RunTime:0.003410s ]
INFO: [ app_end ] --START--
INFO: Run Behavior\ShowPageTraceBehavior [ RunTime:0.002486s ]
INFO: [ app_end ] --END-- [ RunTime:0.002886s ]

[ 2017-08-10T22:35:28+08:00 ] ::1 /IHG/admin.php/admin/index/comment
INFO: [ app_init ] --START--
INFO: Run Behavior\BuildLiteBehavior [ RunTime:0.000145s ]
INFO: [ app_init ] --END-- [ RunTime:0.004690s ]
INFO: [ app_begin ] --START--
INFO: Run Behavior\ReadHtmlCacheBehavior [ RunTime:0.002544s ]
INFO: [ app_begin ] --END-- [ RunTime:0.002987s ]
INFO: [ view_parse ] --START--
INFO: [ template_filter ] --START--
INFO: Run Behavior\ContentReplaceBehavior [ RunTime:0.000200s ]
INFO: [ template_filter ] --END-- [ RunTime:0.000652s ]
INFO: Run Behavior\ParseTemplateBehavior [ RunTime:0.032019s ]
INFO: [ view_parse ] --END-- [ RunTime:0.032476s ]
INFO: [ view_filter ] --START--
INFO: Run Behavior\WriteHtmlCacheBehavior [ RunTime:0.001950s ]
INFO: [ view_filter ] --END-- [ RunTime:0.002351s ]

[ 2017-08-10T22:35:31+08:00 ] ::1 /IHG/admin.php/admin/login/index.html
INFO: [ app_init ] --START--
INFO: Run Behavior\BuildLiteBehavior [ RunTime:0.000148s ]
INFO: [ app_init ] --END-- [ RunTime:0.002601s ]
INFO: [ app_begin ] --START--
INFO: Run Behavior\ReadHtmlCacheBehavior [ RunTime:0.002552s ]
INFO: [ app_begin ] --END-- [ RunTime:0.003015s ]
INFO: [ view_parse ] --START--
INFO: [ template_filter ] --START--
INFO: Run Behavior\ContentReplaceBehavior [ RunTime:0.000416s ]
INFO: [ template_filter ] --END-- [ RunTime:0.001149s ]
INFO: Run Behavior\ParseTemplateBehavior [ RunTime:0.039310s ]
INFO: [ view_parse ] --END-- [ RunTime:0.039918s ]
INFO: [ view_filter ] --START--
INFO: Run Behavior\WriteHtmlCacheBehavior [ RunTime:0.002904s ]
INFO: [ view_filter ] --END-- [ RunTime:0.003588s ]
INFO: [ app_end ] --START--
INFO: Run Behavior\ShowPageTraceBehavior [ RunTime:0.002646s ]
INFO: [ app_end ] --END-- [ RunTime:0.003196s ]

[ 2017-08-10T22:35:42+08:00 ] ::1 /IHG/admin.php/admin/login/logincheck
INFO: [ app_init ] --START--
INFO: Run Behavior\BuildLiteBehavior [ RunTime:0.000091s ]
INFO: [ app_init ] --END-- [ RunTime:0.001867s ]
INFO: [ app_begin ] --START--
INFO: Run Behavior\ReadHtmlCacheBehavior [ RunTime:0.007115s ]
INFO: [ app_begin ] --END-- [ RunTime:0.007698s ]
NOTIC: [8192] mysql_connect(): The mysql extension is deprecated and will be removed in the future: use mysqli or PDO instead E:\WAMPSERVER\wamp\www\IHG\ThinkPHP\Library\Think\Db\Driver\Mysql.class.php 第 52 行.
SQL: SHOW COLUMNS FROM `ihg_admin` [ RunTime:0.014093s ]
SQL: SELECT * FROM `ihg_admin` WHERE ( username="king" ) LIMIT 1   [ RunTime:0.000829s ]

[ 2017-08-10T22:35:44+08:00 ] ::1 /IHG/admin.php/admin/index/index
INFO: [ app_init ] --START--
INFO: Run Behavior\BuildLiteBehavior [ RunTime:0.000148s ]
INFO: [ app_init ] --END-- [ RunTime:0.003983s ]
INFO: [ app_begin ] --START--
INFO: Run Behavior\ReadHtmlCacheBehavior [ RunTime:0.002455s ]
INFO: [ app_begin ] --END-- [ RunTime:0.002899s ]
NOTIC: [8] Undefined index: p E:\WAMPSERVER\wamp\www\IHG\Application\Admin\Controller\IndexController.class.php 第 10 行.
NOTIC: [8] Undefined index: position E:\WAMPSERVER\wamp\www\IHG\Application\Admin\Controller\IndexController.class.php 第 11 行.
NOTIC: [8192] mysql_connect(): The mysql extension is deprecated and will be removed in the future: use mysqli or PDO instead E:\WAMPSERVER\wamp\www\IHG\ThinkPHP\Library\Think\Db\Driver\Mysql.class.php 第 52 行.
SQL: SHOW COLUMNS FROM `ihg_menu` [ RunTime:0.120736s ]
SQL: SELECT * FROM `ihg_menu` ORDER BY menu_id desc LIMIT 0,5   [ RunTime:0.002142s ]
SQL: SHOW COLUMNS FROM `ihg_page` [ RunTime:0.084481s ]
ERR: 1146:La table 't1.ihg_page' n'existe pas
 [ SQL语句 ] : SHOW COLUMNS FROM `ihg_page`
SQL: SELECT COUNT(*) AS tp_count FROM `ihg_menu` LIMIT 1   [ RunTime:0.000777s ]
INFO: [ view_parse ] --START--
INFO: [ template_filter ] --START--
INFO: Run Behavior\ContentReplaceBehavior [ RunTime:0.000297s ]
INFO: [ template_filter ] --END-- [ RunTime:0.000721s ]
INFO: Run Behavior\ParseTemplateBehavior [ RunTime:0.049557s ]
INFO: [ view_parse ] --END-- [ RunTime:0.050277s ]
INFO: [ view_filter ] --START--
INFO: Run Behavior\WriteHtmlCacheBehavior [ RunTime:0.002114s ]
INFO: [ view_filter ] --END-- [ RunTime:0.002652s ]
INFO: [ app_end ] --START--
INFO: Run Behavior\ShowPageTraceBehavior [ RunTime:0.005955s ]
INFO: [ app_end ] --END-- [ RunTime:0.006542s ]

[ 2017-08-10T22:35:52+08:00 ] ::1 /IHG/index.php?m=home&c=content&a=show&id=11
INFO: [ app_init ] --START--
INFO: Run Behavior\BuildLiteBehavior [ RunTime:0.000089s ]
INFO: [ app_init ] --END-- [ RunTime:0.001671s ]
INFO: [ app_begin ] --START--
INFO: Run Behavior\ReadHtmlCacheBehavior [ RunTime:0.002562s ]
INFO: [ app_begin ] --END-- [ RunTime:0.003008s ]
NOTIC: [2048] Declaration of Home\Controller\ContentController::show() should be compatible with Think\Controller::show($content, $charset = '', $contentType = '', $prefix = '') E:\WAMPSERVER\wamp\www\IHG\Application\Home\Controller\ContentController.class.php 第 42 行.
NOTIC: [8192] mysql_connect(): The mysql extension is deprecated and will be removed in the future: use mysqli or PDO instead E:\WAMPSERVER\wamp\www\IHG\ThinkPHP\Library\Think\Db\Driver\Mysql.class.php 第 52 行.
SQL: SHOW COLUMNS FROM `ihg_menu` [ RunTime:0.015941s ]
SQL: SELECT * FROM `ihg_menu` WHERE ( menu_id=11 ) LIMIT 1   [ RunTime:0.001632s ]
SQL: SHOW COLUMNS FROM `ihg_comment` [ RunTime:0.015284s ]
SQL: SELECT * FROM `ihg_comment` WHERE ( menu_id=11 ) ORDER BY time desc  [ RunTime:0.000888s ]
SQL: SHOW COLUMNS FROM `ihg_nav` [ RunTime:0.016679s ]
SQL: SELECT * FROM `ihg_nav`  [ RunTime:0.000796s ]
INFO: [ view_parse ] --START--
INFO: [ template_filter ] --START--
INFO: Run Behavior\ContentReplaceBehavior [ RunTime:0.000928s ]
INFO: [ template_filter ] --END-- [ RunTime:0.001540s ]
INFO: Run Behavior\ParseTemplateBehavior [ RunTime:0.062297s ]
INFO: [ view_parse ] --END-- [ RunTime:0.063048s ]
INFO: [ view_filter ] --START--
INFO: Run Behavior\WriteHtmlCacheBehavior [ RunTime:0.003000s ]
INFO: [ view_filter ] --END-- [ RunTime:0.003658s ]
INFO: [ app_end ] --START--
INFO: Run Behavior\ShowPageTraceBehavior [ RunTime:0.009572s ]
INFO: [ app_end ] --END-- [ RunTime:0.010993s ]

[ 2017-08-10T22:36:30+08:00 ] ::1 /IHG/index.php/Home/content/comment
INFO: [ app_init ] --START--
INFO: Run Behavior\BuildLiteBehavior [ RunTime:0.000126s ]
INFO: [ app_init ] --END-- [ RunTime:0.001901s ]
INFO: [ app_begin ] --START--
INFO: Run Behavior\ReadHtmlCacheBehavior [ RunTime:0.002434s ]
INFO: [ app_begin ] --END-- [ RunTime:0.002796s ]
NOTIC: [2048] Declaration of Home\Controller\ContentController::show() should be compatible with Think\Controller::show($content, $charset = '', $contentType = '', $prefix = '') E:\WAMPSERVER\wamp\www\IHG\Application\Home\Controller\ContentController.class.php 第 42 行.
NOTIC: [8192] mysql_connect(): The mysql extension is deprecated and will be removed in the future: use mysqli or PDO instead E:\WAMPSERVER\wamp\www\IHG\ThinkPHP\Library\Think\Db\Driver\Mysql.class.php 第 52 行.
SQL: SHOW COLUMNS FROM `ihg_menu` [ RunTime:0.041671s ]
SQL: SELECT * FROM `ihg_menu` WHERE ( menu_id=11 ) LIMIT 1   [ RunTime:0.001071s ]
SQL: UPDATE `ihg_menu` SET `comment_count`=comment_count+1 WHERE ( menu_id=11 ) [ RunTime:0.127087s ]
SQL: SHOW COLUMNS FROM `ihg_comment` [ RunTime:0.015140s ]
SQL: INSERT INTO `ihg_comment` (`menu_id`,`username`,`content`,`contact`,`time`,`title`) VALUES (11,'x','太难剥壳了,吃着麻烦','123',1502375790,'麻辣小龙虾') [ RunTime:0.126217s ]

