[ 2017-08-12T10:29:15+08:00 ] ::1 /IHG/index.php/home/todaymenu/index
INFO: [ app_init ] --START--
INFO: Run Behavior\BuildLiteBehavior [ RunTime:0.000101s ]
INFO: [ app_init ] --END-- [ RunTime:0.140486s ]
INFO: [ app_begin ] --START--
INFO: Run Behavior\ReadHtmlCacheBehavior [ RunTime:0.398351s ]
INFO: [ app_begin ] --END-- [ RunTime:0.399003s ]
NOTIC: [8192] mysql_connect(): The mysql extension is deprecated and will be removed in the future: use mysqli or PDO instead E:\WAMPSERVER\wamp\www\IHG\ThinkPHP\Library\Think\Db\Driver\Mysql.class.php 第 52 行.
SQL: SHOW COLUMNS FROM `ihg_nav` [ RunTime:0.103010s ]
SQL: SELECT * FROM `ihg_nav`  [ RunTime:0.001123s ]
SQL: SHOW COLUMNS FROM `ihg_todaymenu` [ RunTime:0.211237s ]
SQL: SELECT * FROM `ihg_todaymenu`  [ RunTime:0.000799s ]
SQL: SHOW COLUMNS FROM `ihg_menu` [ RunTime:0.339822s ]
SQL: SELECT * FROM `ihg_menu` WHERE ( menu_id=14 ) LIMIT 1   [ RunTime:0.001462s ]
SQL: SELECT * FROM `ihg_menu` WHERE ( menu_id=3 ) LIMIT 1   [ RunTime:0.001066s ]
INFO: [ view_parse ] --START--
INFO: [ template_filter ] --START--
INFO: Run Behavior\ContentReplaceBehavior [ RunTime:0.000605s ]
INFO: [ template_filter ] --END-- [ RunTime:0.001042s ]
NOTIC: [8] Undefined variable: page E:\WAMPSERVER\wamp\www\IHG\Application\Runtime\Cache\Home\571c4ebd15c92a1dcecc58c1a4012590.php 第 251 行.
NOTIC: [8] Undefined variable: page E:\WAMPSERVER\wamp\www\IHG\Application\Runtime\Cache\Home\571c4ebd15c92a1dcecc58c1a4012590.php 第 251 行.
INFO: Run Behavior\ParseTemplateBehavior [ RunTime:0.612889s ]
INFO: [ view_parse ] --END-- [ RunTime:0.613670s ]
INFO: [ view_filter ] --START--
INFO: Run Behavior\WriteHtmlCacheBehavior [ RunTime:0.357544s ]
INFO: [ view_filter ] --END-- [ RunTime:0.357960s ]
INFO: [ app_end ] --START--
INFO: Run Behavior\ShowPageTraceBehavior [ RunTime:0.309579s ]
INFO: [ app_end ] --END-- [ RunTime:0.310121s ]

[ 2017-08-12T10:29:17+08:00 ] ::1 /IHG/admin.php?c=editor&a=update&id=3
INFO: [ app_init ] --START--
INFO: Run Behavior\BuildLiteBehavior [ RunTime:0.000093s ]
INFO: [ app_init ] --END-- [ RunTime:0.140137s ]
INFO: [ app_begin ] --START--
INFO: Run Behavior\ReadHtmlCacheBehavior [ RunTime:0.397958s ]
INFO: [ app_begin ] --END-- [ RunTime:0.398601s ]
NOTIC: [8192] mysql_connect(): The mysql extension is deprecated and will be removed in the future: use mysqli or PDO instead E:\WAMPSERVER\wamp\www\IHG\ThinkPHP\Library\Think\Db\Driver\Mysql.class.php 第 52 行.
SQL: SHOW COLUMNS FROM `ihg_menu` [ RunTime:0.046291s ]
SQL: SELECT * FROM `ihg_menu` WHERE ( menu_id=3 ) LIMIT 1   [ RunTime:0.001043s ]
SQL: SHOW COLUMNS FROM `ihg_position` [ RunTime:0.026706s ]
SQL: SELECT * FROM `ihg_position` WHERE ( menu_id=3 ) LIMIT 1   [ RunTime:0.000933s ]
NOTIC: [8] Undefined index: menu_id E:\WAMPSERVER\wamp\www\IHG\Application\Admin\Controller\EditorController.class.php 第 61 行.
NOTIC: [8] Undefined index: title E:\WAMPSERVER\wamp\www\IHG\Application\Admin\Controller\EditorController.class.php 第 62 行.
NOTIC: [8] Undefined index: show E:\WAMPSERVER\wamp\www\IHG\Application\Admin\Controller\EditorController.class.php 第 63 行.
NOTIC: [8] Undefined index: content E:\WAMPSERVER\wamp\www\IHG\Application\Admin\Controller\EditorController.class.php 第 64 行.
NOTIC: [8] Undefined index: category E:\WAMPSERVER\wamp\www\IHG\Application\Admin\Controller\EditorController.class.php 第 65 行.
SQL: SHOW COLUMNS FROM `ihg_upload1` [ RunTime:0.645861s ]
ERR: 1146:La table 't1.ihg_upload1' n'existe pas
 [ SQL语句 ] : SHOW COLUMNS FROM `ihg_upload1`
NOTIC: [8] Undefined index: image E:\WAMPSERVER\wamp\www\IHG\Application\Admin\Model\Upload1Model.class.php 第 11 行.
NOTIC: [8] Undefined index: tmp_name E:\WAMPSERVER\wamp\www\IHG\ThinkPHP\Library\Think\Upload.class.php 第 149 行.
NOTIC: [2] finfo_file(): Empty filename or path E:\WAMPSERVER\wamp\www\IHG\ThinkPHP\Library\Think\Upload.class.php 第 149 行.
NOTIC: [8] Undefined index: name E:\WAMPSERVER\wamp\www\IHG\ThinkPHP\Library\Think\Upload.class.php 第 153 行.
NOTIC: [8] Undefined index: error E:\WAMPSERVER\wamp\www\IHG\ThinkPHP\Library\Think\Upload.class.php 第 261 行.
NOTIC: [8] Undefined index: tmp_name E:\WAMPSERVER\wamp\www\IHG\ThinkPHP\Library\Think\Upload.class.php 第 272 行.
NOTIC: [8] Undefined index: img E:\WAMPSERVER\wamp\www\IHG\Application\Admin\Controller\EditorController.class.php 第 67 行.
INFO: [ view_parse ] --START--
INFO: [ template_filter ] --START--
INFO: Run Behavior\ContentReplaceBehavior [ RunTime:0.000484s ]
INFO: [ template_filter ] --END-- [ RunTime:0.001603s ]
NOTIC: [8] Undefined variable: table E:\WAMPSERVER\wamp\www\IHG\Application\Runtime\Cache\Admin\7cad96ffce539630978d731a2146c049.php 第 31 行.
NOTIC: [8] Undefined variable: table E:\WAMPSERVER\wamp\www\IHG\Application\Runtime\Cache\Admin\7cad96ffce539630978d731a2146c049.php 第 32 行.
NOTIC: [8] Undefined variable: table E:\WAMPSERVER\wamp\www\IHG\Application\Runtime\Cache\Admin\7cad96ffce539630978d731a2146c049.php 第 33 行.
INFO: Run Behavior\ParseTemplateBehavior [ RunTime:0.565896s ]
INFO: [ view_parse ] --END-- [ RunTime:0.566481s ]
INFO: [ view_filter ] --START--
INFO: Run Behavior\WriteHtmlCacheBehavior [ RunTime:0.002012s ]
INFO: [ view_filter ] --END-- [ RunTime:0.002404s ]
INFO: [ app_end ] --START--
INFO: Run Behavior\ShowPageTraceBehavior [ RunTime:0.004096s ]
INFO: [ app_end ] --END-- [ RunTime:0.004796s ]

[ 2017-08-12T10:51:05+08:00 ] ::1 /IHG/index.php/home/todaymenu/index
INFO: [ app_init ] --START--
INFO: Run Behavior\BuildLiteBehavior [ RunTime:0.000156s ]
INFO: [ app_init ] --END-- [ RunTime:0.014898s ]
INFO: [ app_begin ] --START--
INFO: Run Behavior\ReadHtmlCacheBehavior [ RunTime:0.020313s ]
INFO: [ app_begin ] --END-- [ RunTime:0.021191s ]
NOTIC: [8192] mysql_connect(): The mysql extension is deprecated and will be removed in the future: use mysqli or PDO instead E:\WAMPSERVER\wamp\www\IHG\ThinkPHP\Library\Think\Db\Driver\Mysql.class.php 第 52 行.
SQL: SHOW COLUMNS FROM `ihg_nav` [ RunTime:0.026519s ]
SQL: SELECT * FROM `ihg_nav`  [ RunTime:0.001163s ]
SQL: SHOW COLUMNS FROM `ihg_todaymenu` [ RunTime:0.020918s ]
SQL: SELECT * FROM `ihg_todaymenu`  [ RunTime:0.001063s ]
SQL: SHOW COLUMNS FROM `ihg_menu` [ RunTime:0.019874s ]
SQL: SELECT * FROM `ihg_menu` WHERE ( menu_id=14 ) LIMIT 1   [ RunTime:0.001487s ]
SQL: SELECT * FROM `ihg_menu` WHERE ( menu_id=3 ) LIMIT 1   [ RunTime:0.001067s ]
INFO: [ view_parse ] --START--
INFO: [ template_filter ] --START--
INFO: Run Behavior\ContentReplaceBehavior [ RunTime:0.000610s ]
INFO: [ template_filter ] --END-- [ RunTime:0.001039s ]
NOTIC: [8] Undefined index: category E:\WAMPSERVER\wamp\www\IHG\Application\Runtime\Cache\Home\571c4ebd15c92a1dcecc58c1a4012590.php 第 153 行.
NOTIC: [8] Undefined variable: page E:\WAMPSERVER\wamp\www\IHG\Application\Runtime\Cache\Home\571c4ebd15c92a1dcecc58c1a4012590.php 第 251 行.
NOTIC: [8] Undefined index: category E:\WAMPSERVER\wamp\www\IHG\Application\Runtime\Cache\Home\571c4ebd15c92a1dcecc58c1a4012590.php 第 153 行.
NOTIC: [8] Undefined variable: page E:\WAMPSERVER\wamp\www\IHG\Application\Runtime\Cache\Home\571c4ebd15c92a1dcecc58c1a4012590.php 第 251 行.
INFO: Run Behavior\ParseTemplateBehavior [ RunTime:0.128931s ]
INFO: [ view_parse ] --END-- [ RunTime:0.129614s ]
INFO: [ view_filter ] --START--
INFO: Run Behavior\WriteHtmlCacheBehavior [ RunTime:0.025143s ]
INFO: [ view_filter ] --END-- [ RunTime:0.026083s ]
INFO: [ app_end ] --START--
INFO: Run Behavior\ShowPageTraceBehavior [ RunTime:0.031760s ]
INFO: [ app_end ] --END-- [ RunTime:0.032474s ]

[ 2017-08-12T10:53:50+08:00 ] ::1 /IHG/index.php/home/todaymenu/index
INFO: [ app_init ] --START--
INFO: Run Behavior\BuildLiteBehavior [ RunTime:0.000284s ]
INFO: [ app_init ] --END-- [ RunTime:0.002159s ]
INFO: [ app_begin ] --START--
INFO: Run Behavior\ReadHtmlCacheBehavior [ RunTime:0.002506s ]
INFO: [ app_begin ] --END-- [ RunTime:0.002948s ]
NOTIC: [8192] mysql_connect(): The mysql extension is deprecated and will be removed in the future: use mysqli or PDO instead E:\WAMPSERVER\wamp\www\IHG\ThinkPHP\Library\Think\Db\Driver\Mysql.class.php 第 52 行.
SQL: SHOW COLUMNS FROM `ihg_nav` [ RunTime:0.043278s ]
SQL: SELECT * FROM `ihg_nav`  [ RunTime:0.000833s ]
SQL: SHOW COLUMNS FROM `ihg_todaymenu` [ RunTime:0.013116s ]
SQL: SELECT * FROM `ihg_todaymenu`  [ RunTime:0.000845s ]
SQL: SHOW COLUMNS FROM `ihg_menu` [ RunTime:0.015873s ]
SQL: SELECT * FROM `ihg_menu` WHERE ( menu_id=14 ) LIMIT 1   [ RunTime:0.001208s ]
SQL: SELECT * FROM `ihg_menu` WHERE ( menu_id=3 ) LIMIT 1   [ RunTime:0.000799s ]
INFO: [ view_parse ] --START--
INFO: [ template_filter ] --START--
INFO: Run Behavior\ContentReplaceBehavior [ RunTime:0.000641s ]
INFO: [ template_filter ] --END-- [ RunTime:0.001069s ]
NOTIC: [8] Undefined variable: list1 E:\WAMPSERVER\wamp\www\IHG\Application\Runtime\Cache\Home\571c4ebd15c92a1dcecc58c1a4012590.php 第 228 行.
NOTIC: [8] Undefined variable: page E:\WAMPSERVER\wamp\www\IHG\Application\Runtime\Cache\Home\571c4ebd15c92a1dcecc58c1a4012590.php 第 249 行.
NOTIC: [8] Undefined variable: page E:\WAMPSERVER\wamp\www\IHG\Application\Runtime\Cache\Home\571c4ebd15c92a1dcecc58c1a4012590.php 第 249 行.
NOTIC: [8] Undefined variable: page E:\WAMPSERVER\wamp\www\IHG\Application\Runtime\Cache\Home\571c4ebd15c92a1dcecc58c1a4012590.php 第 249 行.
NOTIC: [8] Undefined variable: page E:\WAMPSERVER\wamp\www\IHG\Application\Runtime\Cache\Home\571c4ebd15c92a1dcecc58c1a4012590.php 第 249 行.
NOTIC: [8] Undefined variable: page E:\WAMPSERVER\wamp\www\IHG\Application\Runtime\Cache\Home\571c4ebd15c92a1dcecc58c1a4012590.php 第 249 行.
INFO: Run Behavior\ParseTemplateBehavior [ RunTime:0.072108s ]
INFO: [ view_parse ] --END-- [ RunTime:0.072779s ]
INFO: [ view_filter ] --START--
INFO: Run Behavior\WriteHtmlCacheBehavior [ RunTime:0.002064s ]
INFO: [ view_filter ] --END-- [ RunTime:0.002687s ]
INFO: [ app_end ] --START--
INFO: Run Behavior\ShowPageTraceBehavior [ RunTime:0.003609s ]
INFO: [ app_end ] --END-- [ RunTime:0.004635s ]

[ 2017-08-12T10:54:39+08:00 ] ::1 /IHG/index.php/home/todaymenu/index
INFO: [ app_init ] --START--
INFO: Run Behavior\BuildLiteBehavior [ RunTime:0.000101s ]
INFO: [ app_init ] --END-- [ RunTime:0.001795s ]
INFO: [ app_begin ] --START--
INFO: Run Behavior\ReadHtmlCacheBehavior [ RunTime:0.002455s ]
INFO: [ app_begin ] --END-- [ RunTime:0.002894s ]
NOTIC: [8192] mysql_connect(): The mysql extension is deprecated and will be removed in the future: use mysqli or PDO instead E:\WAMPSERVER\wamp\www\IHG\ThinkPHP\Library\Think\Db\Driver\Mysql.class.php 第 52 行.
SQL: SHOW COLUMNS FROM `ihg_nav` [ RunTime:0.016490s ]
SQL: SELECT * FROM `ihg_nav`  [ RunTime:0.001046s ]
SQL: SHOW COLUMNS FROM `ihg_todaymenu` [ RunTime:0.020285s ]
SQL: SELECT * FROM `ihg_todaymenu`  [ RunTime:0.001040s ]
SQL: SHOW COLUMNS FROM `ihg_menu` [ RunTime:0.016215s ]
SQL: SELECT * FROM `ihg_menu` WHERE ( menu_id=14 ) LIMIT 1   [ RunTime:0.001781s ]
SQL: SELECT * FROM `ihg_menu` WHERE ( menu_id=3 ) LIMIT 1   [ RunTime:0.001056s ]
INFO: [ view_parse ] --START--
INFO: [ template_filter ] --START--
INFO: Run Behavior\ContentReplaceBehavior [ RunTime:0.004234s ]
INFO: [ template_filter ] --END-- [ RunTime:0.005076s ]
NOTIC: [8] Undefined variable: page E:\WAMPSERVER\wamp\www\IHG\Application\Runtime\Cache\Home\571c4ebd15c92a1dcecc58c1a4012590.php 第 249 行.
NOTIC: [8] Undefined variable: page E:\WAMPSERVER\wamp\www\IHG\Application\Runtime\Cache\Home\571c4ebd15c92a1dcecc58c1a4012590.php 第 249 行.
NOTIC: [8] Undefined variable: page E:\WAMPSERVER\wamp\www\IHG\Application\Runtime\Cache\Home\571c4ebd15c92a1dcecc58c1a4012590.php 第 249 行.
NOTIC: [8] Undefined variable: page E:\WAMPSERVER\wamp\www\IHG\Application\Runtime\Cache\Home\571c4ebd15c92a1dcecc58c1a4012590.php 第 249 行.
NOTIC: [8] Undefined variable: page E:\WAMPSERVER\wamp\www\IHG\Application\Runtime\Cache\Home\571c4ebd15c92a1dcecc58c1a4012590.php 第 249 行.
INFO: Run Behavior\ParseTemplateBehavior [ RunTime:0.119873s ]
INFO: [ view_parse ] --END-- [ RunTime:0.120463s ]
INFO: [ view_filter ] --START--
INFO: Run Behavior\WriteHtmlCacheBehavior [ RunTime:0.004043s ]
INFO: [ view_filter ] --END-- [ RunTime:0.004769s ]
INFO: [ app_end ] --START--
INFO: Run Behavior\ShowPageTraceBehavior [ RunTime:0.005166s ]
INFO: [ app_end ] --END-- [ RunTime:0.006244s ]

[ 2017-08-12T10:59:45+08:00 ] ::1 /IHG/index.php/home/index/index?category=%E4%B8%AD%E9%A4%90
INFO: [ app_init ] --START--
INFO: Run Behavior\BuildLiteBehavior [ RunTime:0.000087s ]
INFO: [ app_init ] --END-- [ RunTime:0.001641s ]
INFO: [ app_begin ] --START--
INFO: Run Behavior\ReadHtmlCacheBehavior [ RunTime:0.002532s ]
INFO: [ app_begin ] --END-- [ RunTime:0.003298s ]
NOTIC: [8] Undefined index: title E:\WAMPSERVER\wamp\www\IHG\Application\Home\Controller\IndexController.class.php 第 7 行.
NOTIC: [8] Undefined index: p E:\WAMPSERVER\wamp\www\IHG\Application\Home\Controller\IndexController.class.php 第 8 行.
NOTIC: [8192] mysql_connect(): The mysql extension is deprecated and will be removed in the future: use mysqli or PDO instead E:\WAMPSERVER\wamp\www\IHG\ThinkPHP\Library\Think\Db\Driver\Mysql.class.php 第 52 行.
SQL: SHOW COLUMNS FROM `ihg_page` [ RunTime:0.011727s ]
ERR: 1146:La table 't1.ihg_page' n'existe pas
 [ SQL语句 ] : SHOW COLUMNS FROM `ihg_page`
SQL: SHOW COLUMNS FROM `ihg_menu` [ RunTime:0.016557s ]
SQL: SELECT COUNT(*) AS tp_count FROM `ihg_menu` WHERE ( category="中餐" ) LIMIT 1   [ RunTime:0.001154s ]
SQL: SHOW COLUMNS FROM `ihg_position` [ RunTime:0.017525s ]
SQL: SELECT * FROM `ihg_position` ORDER BY menu_id desc LIMIT 2   [ RunTime:0.001724s ]
SQL: SELECT * FROM `ihg_menu` WHERE ( category="中餐" ) LIMIT 0,8   [ RunTime:0.002487s ]
SQL: SHOW COLUMNS FROM `ihg_nav` [ RunTime:0.202542s ]
SQL: SELECT * FROM `ihg_nav`  [ RunTime:0.000744s ]
INFO: [ view_parse ] --START--
INFO: [ template_filter ] --START--
INFO: Run Behavior\ContentReplaceBehavior [ RunTime:0.000848s ]
INFO: [ template_filter ] --END-- [ RunTime:0.001524s ]
INFO: Run Behavior\ParseTemplateBehavior [ RunTime:0.137740s ]
INFO: [ view_parse ] --END-- [ RunTime:0.138463s ]
INFO: [ view_filter ] --START--
INFO: Run Behavior\WriteHtmlCacheBehavior [ RunTime:0.004365s ]
INFO: [ view_filter ] --END-- [ RunTime:0.005593s ]
INFO: [ app_end ] --START--
INFO: Run Behavior\ShowPageTraceBehavior [ RunTime:0.003977s ]
INFO: [ app_end ] --END-- [ RunTime:0.004671s ]

[ 2017-08-12T10:59:50+08:00 ] ::1 /IHG/index.php/home/index/index?category=%E8%A5%BF%E9%A4%90
INFO: [ app_init ] --START--
INFO: Run Behavior\BuildLiteBehavior [ RunTime:0.000164s ]
INFO: [ app_init ] --END-- [ RunTime:0.003542s ]
INFO: [ app_begin ] --START--
INFO: Run Behavior\ReadHtmlCacheBehavior [ RunTime:0.003113s ]
INFO: [ app_begin ] --END-- [ RunTime:0.003735s ]
NOTIC: [8] Undefined index: title E:\WAMPSERVER\wamp\www\IHG\Application\Home\Controller\IndexController.class.php 第 7 行.
NOTIC: [8] Undefined index: p E:\WAMPSERVER\wamp\www\IHG\Application\Home\Controller\IndexController.class.php 第 8 行.
NOTIC: [8192] mysql_connect(): The mysql extension is deprecated and will be removed in the future: use mysqli or PDO instead E:\WAMPSERVER\wamp\www\IHG\ThinkPHP\Library\Think\Db\Driver\Mysql.class.php 第 52 行.
SQL: SHOW COLUMNS FROM `ihg_page` [ RunTime:0.015899s ]
ERR: 1146:La table 't1.ihg_page' n'existe pas
 [ SQL语句 ] : SHOW COLUMNS FROM `ihg_page`
SQL: SHOW COLUMNS FROM `ihg_menu` [ RunTime:0.020246s ]
SQL: SELECT COUNT(*) AS tp_count FROM `ihg_menu` WHERE ( category="西餐" ) LIMIT 1   [ RunTime:0.001288s ]
SQL: SHOW COLUMNS FROM `ihg_position` [ RunTime:0.020080s ]
SQL: SELECT * FROM `ihg_position` ORDER BY menu_id desc LIMIT 2   [ RunTime:0.001642s ]
SQL: SELECT * FROM `ihg_menu` WHERE ( category="西餐" ) LIMIT 0,8   [ RunTime:0.001336s ]
SQL: SHOW COLUMNS FROM `ihg_nav` [ RunTime:0.017918s ]
SQL: SELECT * FROM `ihg_nav`  [ RunTime:0.000737s ]
INFO: [ view_parse ] --START--
INFO: [ template_filter ] --START--
INFO: Run Behavior\ContentReplaceBehavior [ RunTime:0.000680s ]
INFO: [ template_filter ] --END-- [ RunTime:0.001171s ]
INFO: Run Behavior\ParseTemplateBehavior [ RunTime:0.084672s ]
INFO: [ view_parse ] --END-- [ RunTime:0.085133s ]
INFO: [ view_filter ] --START--
INFO: Run Behavior\WriteHtmlCacheBehavior [ RunTime:0.001673s ]
INFO: [ view_filter ] --END-- [ RunTime:0.002079s ]
INFO: [ app_end ] --START--
INFO: Run Behavior\ShowPageTraceBehavior [ RunTime:0.003221s ]
INFO: [ app_end ] --END-- [ RunTime:0.003726s ]

[ 2017-08-12T10:59:59+08:00 ] ::1 /IHG/admin.php/admin/index/index/position/1
INFO: [ app_init ] --START--
INFO: Run Behavior\BuildLiteBehavior [ RunTime:0.000145s ]
INFO: [ app_init ] --END-- [ RunTime:0.003441s ]
INFO: [ app_begin ] --START--
INFO: Run Behavior\ReadHtmlCacheBehavior [ RunTime:0.003781s ]
INFO: [ app_begin ] --END-- [ RunTime:0.004552s ]
NOTIC: [8] Undefined index: p E:\WAMPSERVER\wamp\www\IHG\Application\Admin\Controller\IndexController.class.php 第 10 行.
NOTIC: [8192] mysql_connect(): The mysql extension is deprecated and will be removed in the future: use mysqli or PDO instead E:\WAMPSERVER\wamp\www\IHG\ThinkPHP\Library\Think\Db\Driver\Mysql.class.php 第 52 行.
SQL: SHOW COLUMNS FROM `ihg_position` [ RunTime:0.076121s ]
SQL: SELECT * FROM `ihg_position` ORDER BY menu_id desc LIMIT 0,5   [ RunTime:0.001740s ]
SQL: SHOW COLUMNS FROM `ihg_page` [ RunTime:0.114415s ]
ERR: 1146:La table 't1.ihg_page' n'existe pas
 [ SQL语句 ] : SHOW COLUMNS FROM `ihg_page`
SQL: SELECT COUNT(*) AS tp_count FROM `ihg_position` LIMIT 1   [ RunTime:0.001002s ]
INFO: [ view_parse ] --START--
INFO: [ template_filter ] --START--
INFO: Run Behavior\ContentReplaceBehavior [ RunTime:0.000315s ]
INFO: [ template_filter ] --END-- [ RunTime:0.000765s ]
INFO: Run Behavior\ParseTemplateBehavior [ RunTime:0.248448s ]
INFO: [ view_parse ] --END-- [ RunTime:0.248907s ]
INFO: [ view_filter ] --START--
INFO: Run Behavior\WriteHtmlCacheBehavior [ RunTime:0.001747s ]
INFO: [ view_filter ] --END-- [ RunTime:0.002150s ]
INFO: [ app_end ] --START--
INFO: Run Behavior\ShowPageTraceBehavior [ RunTime:0.001963s ]
INFO: [ app_end ] --END-- [ RunTime:0.002369s ]

[ 2017-08-12T11:00:06+08:00 ] ::1 /IHG/index.php/home/todaymenu/index
INFO: [ app_init ] --START--
INFO: Run Behavior\BuildLiteBehavior [ RunTime:0.000089s ]
INFO: [ app_init ] --END-- [ RunTime:0.001544s ]
INFO: [ app_begin ] --START--
INFO: Run Behavior\ReadHtmlCacheBehavior [ RunTime:0.002190s ]
INFO: [ app_begin ] --END-- [ RunTime:0.002764s ]
NOTIC: [8192] mysql_connect(): The mysql extension is deprecated and will be removed in the future: use mysqli or PDO instead E:\WAMPSERVER\wamp\www\IHG\ThinkPHP\Library\Think\Db\Driver\Mysql.class.php 第 52 行.
SQL: SHOW COLUMNS FROM `ihg_nav` [ RunTime:0.028247s ]
SQL: SELECT * FROM `ihg_nav`  [ RunTime:0.000840s ]
SQL: SHOW COLUMNS FROM `ihg_todaymenu` [ RunTime:0.025502s ]
SQL: SELECT * FROM `ihg_todaymenu`  [ RunTime:0.001161s ]
SQL: SHOW COLUMNS FROM `ihg_menu` [ RunTime:0.053791s ]
SQL: SELECT * FROM `ihg_menu` WHERE ( menu_id=14 ) LIMIT 1   [ RunTime:0.001712s ]
SQL: SELECT * FROM `ihg_menu` WHERE ( menu_id=3 ) LIMIT 1   [ RunTime:0.001287s ]
INFO: [ view_parse ] --START--
INFO: [ template_filter ] --START--
INFO: Run Behavior\ContentReplaceBehavior [ RunTime:0.000648s ]
INFO: [ template_filter ] --END-- [ RunTime:0.001109s ]
NOTIC: [8] Undefined variable: page E:\WAMPSERVER\wamp\www\IHG\Application\Runtime\Cache\Home\571c4ebd15c92a1dcecc58c1a4012590.php 第 249 行.
NOTIC: [8] Undefined variable: page E:\WAMPSERVER\wamp\www\IHG\Application\Runtime\Cache\Home\571c4ebd15c92a1dcecc58c1a4012590.php 第 249 行.
NOTIC: [8] Undefined variable: page E:\WAMPSERVER\wamp\www\IHG\Application\Runtime\Cache\Home\571c4ebd15c92a1dcecc58c1a4012590.php 第 249 行.
NOTIC: [8] Undefined variable: page E:\WAMPSERVER\wamp\www\IHG\Application\Runtime\Cache\Home\571c4ebd15c92a1dcecc58c1a4012590.php 第 249 行.
NOTIC: [8] Undefined variable: page E:\WAMPSERVER\wamp\www\IHG\Application\Runtime\Cache\Home\571c4ebd15c92a1dcecc58c1a4012590.php 第 249 行.
INFO: Run Behavior\ParseTemplateBehavior [ RunTime:0.100110s ]
INFO: [ view_parse ] --END-- [ RunTime:0.100824s ]
INFO: [ view_filter ] --START--
INFO: Run Behavior\WriteHtmlCacheBehavior [ RunTime:0.001592s ]
INFO: [ view_filter ] --END-- [ RunTime:0.001982s ]
INFO: [ app_end ] --START--
INFO: Run Behavior\ShowPageTraceBehavior [ RunTime:0.007664s ]
INFO: [ app_end ] --END-- [ RunTime:0.008705s ]

[ 2017-08-12T11:01:53+08:00 ] ::1 /IHG/index.php/home/todaymenu/index
INFO: [ app_init ] --START--
INFO: Run Behavior\BuildLiteBehavior [ RunTime:0.000089s ]
INFO: [ app_init ] --END-- [ RunTime:0.001904s ]
INFO: [ app_begin ] --START--
INFO: Run Behavior\ReadHtmlCacheBehavior [ RunTime:0.003190s ]
INFO: [ app_begin ] --END-- [ RunTime:0.003641s ]
NOTIC: [8192] mysql_connect(): The mysql extension is deprecated and will be removed in the future: use mysqli or PDO instead E:\WAMPSERVER\wamp\www\IHG\ThinkPHP\Library\Think\Db\Driver\Mysql.class.php 第 52 行.
SQL: SHOW COLUMNS FROM `ihg_nav` [ RunTime:0.014723s ]
SQL: SELECT * FROM `ihg_nav`  [ RunTime:0.000771s ]
SQL: SHOW COLUMNS FROM `ihg_todaymenu` [ RunTime:0.013161s ]
SQL: SELECT * FROM `ihg_todaymenu`  [ RunTime:0.000745s ]
SQL: SHOW COLUMNS FROM `ihg_menu` [ RunTime:0.014069s ]
SQL: SELECT * FROM `ihg_menu` WHERE ( menu_id=14 ) LIMIT 1   [ RunTime:0.001052s ]
SQL: SELECT * FROM `ihg_menu` WHERE ( menu_id=3 ) LIMIT 1   [ RunTime:0.000739s ]
INFO: [ view_parse ] --START--
INFO: [ template_filter ] --START--
INFO: Run Behavior\ContentReplaceBehavior [ RunTime:0.001392s ]
INFO: [ template_filter ] --END-- [ RunTime:0.002727s ]
NOTIC: [8] Undefined variable: page E:\WAMPSERVER\wamp\www\IHG\Application\Runtime\Cache\Home\571c4ebd15c92a1dcecc58c1a4012590.php 第 249 行.
NOTIC: [8] Undefined variable: page E:\WAMPSERVER\wamp\www\IHG\Application\Runtime\Cache\Home\571c4ebd15c92a1dcecc58c1a4012590.php 第 249 行.
NOTIC: [8] Undefined variable: page E:\WAMPSERVER\wamp\www\IHG\Application\Runtime\Cache\Home\571c4ebd15c92a1dcecc58c1a4012590.php 第 249 行.
NOTIC: [8] Undefined variable: page E:\WAMPSERVER\wamp\www\IHG\Application\Runtime\Cache\Home\571c4ebd15c92a1dcecc58c1a4012590.php 第 249 行.
NOTIC: [8] Undefined variable: page E:\WAMPSERVER\wamp\www\IHG\Application\Runtime\Cache\Home\571c4ebd15c92a1dcecc58c1a4012590.php 第 249 行.
INFO: Run Behavior\ParseTemplateBehavior [ RunTime:0.104648s ]
INFO: [ view_parse ] --END-- [ RunTime:0.105076s ]
INFO: [ view_filter ] --START--
INFO: Run Behavior\WriteHtmlCacheBehavior [ RunTime:0.004654s ]
INFO: [ view_filter ] --END-- [ RunTime:0.005234s ]
INFO: [ app_end ] --START--
INFO: Run Behavior\ShowPageTraceBehavior [ RunTime:0.005481s ]
INFO: [ app_end ] --END-- [ RunTime:0.006059s ]

