[ 2017-08-19T14:44:21+08:00 ] ::1 /IHG/index.php/home/index/index?category=%E6%B0%B4%E6%9E%9C
INFO: [ app_init ] --START--
INFO: Run Behavior\BuildLiteBehavior [ RunTime:0.000155s ]
INFO: [ app_init ] --END-- [ RunTime:0.014730s ]
INFO: [ app_begin ] --START--
INFO: Run Behavior\ReadHtmlCacheBehavior [ RunTime:0.050056s ]
INFO: [ app_begin ] --END-- [ RunTime:0.051000s ]
NOTIC: [8] Undefined index: title E:\WAMPSERVER\wamp\www\IHG\Application\Home\Controller\IndexController.class.php 第 7 行.
NOTIC: [8] Undefined index: p E:\WAMPSERVER\wamp\www\IHG\Application\Home\Controller\IndexController.class.php 第 8 行.
NOTIC: [8192] mysql_connect(): The mysql extension is deprecated and will be removed in the future: use mysqli or PDO instead E:\WAMPSERVER\wamp\www\IHG\ThinkPHP\Library\Think\Db\Driver\Mysql.class.php 第 52 行.
SQL: SHOW COLUMNS FROM `ihg_page` [ RunTime:0.116185s ]
ERR: 1146:La table 't1.ihg_page' n'existe pas
 [ SQL语句 ] : SHOW COLUMNS FROM `ihg_page`
SQL: SHOW COLUMNS FROM `ihg_menu` [ RunTime:0.077703s ]
SQL: SELECT COUNT(*) AS tp_count FROM `ihg_menu` WHERE ( category="水果" ) LIMIT 1   [ RunTime:0.001004s ]
SQL: SHOW COLUMNS FROM `ihg_position` [ RunTime:0.050489s ]
SQL: SELECT * FROM `ihg_position` ORDER BY time desc LIMIT 2   [ RunTime:0.001106s ]
SQL: SELECT * FROM `ihg_menu` WHERE ( category="水果" ) LIMIT 0,8   [ RunTime:0.000726s ]
SQL: SHOW COLUMNS FROM `ihg_nav` [ RunTime:0.032512s ]
SQL: SELECT * FROM `ihg_nav`  [ RunTime:0.000723s ]
INFO: [ view_parse ] --START--
INFO: [ template_filter ] --START--
INFO: Run Behavior\ContentReplaceBehavior [ RunTime:0.000687s ]
INFO: [ template_filter ] --END-- [ RunTime:0.001148s ]
INFO: Run Behavior\ParseTemplateBehavior [ RunTime:0.318467s ]
INFO: [ view_parse ] --END-- [ RunTime:0.318937s ]
INFO: [ view_filter ] --START--
INFO: Run Behavior\WriteHtmlCacheBehavior [ RunTime:0.032745s ]
INFO: [ view_filter ] --END-- [ RunTime:0.033161s ]
INFO: [ app_end ] --START--
INFO: Run Behavior\ShowPageTraceBehavior [ RunTime:0.043760s ]
INFO: [ app_end ] --END-- [ RunTime:0.044403s ]

[ 2017-08-19T14:44:21+08:00 ] ::1 /IHG/index.php/home/index/index?category=%E4%B8%AD%E9%A4%90
INFO: [ app_init ] --START--
INFO: Run Behavior\BuildLiteBehavior [ RunTime:0.000155s ]
INFO: [ app_init ] --END-- [ RunTime:0.013972s ]
INFO: [ app_begin ] --START--
INFO: Run Behavior\ReadHtmlCacheBehavior [ RunTime:0.050111s ]
INFO: [ app_begin ] --END-- [ RunTime:0.050723s ]
NOTIC: [8] Undefined index: title E:\WAMPSERVER\wamp\www\IHG\Application\Home\Controller\IndexController.class.php 第 7 行.
NOTIC: [8] Undefined index: p E:\WAMPSERVER\wamp\www\IHG\Application\Home\Controller\IndexController.class.php 第 8 行.
NOTIC: [8192] mysql_connect(): The mysql extension is deprecated and will be removed in the future: use mysqli or PDO instead E:\WAMPSERVER\wamp\www\IHG\ThinkPHP\Library\Think\Db\Driver\Mysql.class.php 第 52 行.
SQL: SHOW COLUMNS FROM `ihg_page` [ RunTime:0.013045s ]
ERR: 1146:La table 't1.ihg_page' n'existe pas
 [ SQL语句 ] : SHOW COLUMNS FROM `ihg_page`
SQL: SHOW COLUMNS FROM `ihg_menu` [ RunTime:0.045587s ]
SQL: SELECT COUNT(*) AS tp_count FROM `ihg_menu` WHERE ( category="中餐" ) LIMIT 1   [ RunTime:0.000766s ]
SQL: SHOW COLUMNS FROM `ihg_position` [ RunTime:0.041909s ]
SQL: SELECT * FROM `ihg_position` ORDER BY time desc LIMIT 2   [ RunTime:0.001182s ]
SQL: SELECT * FROM `ihg_menu` WHERE ( category="中餐" ) LIMIT 0,8   [ RunTime:0.001697s ]
SQL: SHOW COLUMNS FROM `ihg_nav` [ RunTime:0.022384s ]
SQL: SELECT * FROM `ihg_nav`  [ RunTime:0.000679s ]
INFO: [ view_parse ] --START--
INFO: [ template_filter ] --START--
INFO: Run Behavior\ContentReplaceBehavior [ RunTime:0.000668s ]
INFO: [ template_filter ] --END-- [ RunTime:0.001095s ]
INFO: Run Behavior\ParseTemplateBehavior [ RunTime:0.073112s ]
INFO: [ view_parse ] --END-- [ RunTime:0.073715s ]
INFO: [ view_filter ] --START--
INFO: Run Behavior\WriteHtmlCacheBehavior [ RunTime:0.002762s ]
INFO: [ view_filter ] --END-- [ RunTime:0.003293s ]
INFO: [ app_end ] --START--
INFO: Run Behavior\ShowPageTraceBehavior [ RunTime:0.002396s ]
INFO: [ app_end ] --END-- [ RunTime:0.002812s ]

[ 2017-08-19T14:44:23+08:00 ] ::1 /IHG/admin.php
INFO: [ app_init ] --START--
INFO: Run Behavior\BuildLiteBehavior [ RunTime:0.000091s ]
INFO: [ app_init ] --END-- [ RunTime:0.002172s ]
INFO: [ app_begin ] --START--
INFO: Run Behavior\ReadHtmlCacheBehavior [ RunTime:0.001902s ]
INFO: [ app_begin ] --END-- [ RunTime:0.002375s ]
NOTIC: [8] Undefined index: p E:\WAMPSERVER\wamp\www\IHG\Application\Admin\Controller\IndexController.class.php 第 10 行.
NOTIC: [8] Undefined index: position E:\WAMPSERVER\wamp\www\IHG\Application\Admin\Controller\IndexController.class.php 第 11 行.
NOTIC: [8] Undefined index: orderwhere E:\WAMPSERVER\wamp\www\IHG\Application\Admin\Controller\IndexController.class.php 第 13 行.
NOTIC: [8] Undefined index: orderwhere E:\WAMPSERVER\wamp\www\IHG\Application\Admin\Controller\IndexController.class.php 第 14 行.
NOTIC: [8192] mysql_connect(): The mysql extension is deprecated and will be removed in the future: use mysqli or PDO instead E:\WAMPSERVER\wamp\www\IHG\ThinkPHP\Library\Think\Db\Driver\Mysql.class.php 第 52 行.
SQL: SHOW COLUMNS FROM `ihg_menu` [ RunTime:0.044804s ]
SQL: SELECT * FROM `ihg_menu` ORDER BY menu_id desc LIMIT 0,10   [ RunTime:0.001643s ]
SQL: SHOW COLUMNS FROM `ihg_page` [ RunTime:0.033165s ]
ERR: 1146:La table 't1.ihg_page' n'existe pas
 [ SQL语句 ] : SHOW COLUMNS FROM `ihg_page`
SQL: SELECT COUNT(*) AS tp_count FROM `ihg_menu` LIMIT 1   [ RunTime:0.002956s ]
INFO: [ view_parse ] --START--
INFO: [ template_filter ] --START--
INFO: Run Behavior\ContentReplaceBehavior [ RunTime:0.000320s ]
INFO: [ template_filter ] --END-- [ RunTime:0.000857s ]
INFO: Run Behavior\ParseTemplateBehavior [ RunTime:0.423683s ]
INFO: [ view_parse ] --END-- [ RunTime:0.424501s ]
INFO: [ view_filter ] --START--
INFO: Run Behavior\WriteHtmlCacheBehavior [ RunTime:0.001710s ]
INFO: [ view_filter ] --END-- [ RunTime:0.002392s ]
INFO: [ app_end ] --START--
INFO: Run Behavior\ShowPageTraceBehavior [ RunTime:0.002741s ]
INFO: [ app_end ] --END-- [ RunTime:0.003453s ]

[ 2017-08-19T14:44:45+08:00 ] ::1 /IHG/index.php/home/index/.pc.goabc.cn/342886292/products/15501272_0_0_1.html
INFO: [ app_init ] --START--
INFO: Run Behavior\BuildLiteBehavior [ RunTime:0.012683s ]
INFO: [ app_init ] --END-- [ RunTime:0.019577s ]
INFO: [ app_begin ] --START--
INFO: Run Behavior\ReadHtmlCacheBehavior [ RunTime:0.004198s ]
INFO: [ app_begin ] --END-- [ RunTime:0.005175s ]
ERR: 非法操作:.pc.goabc.cn

[ 2017-08-19T14:44:46+08:00 ] ::1 /IHG/index.php/home/index/index?category=%E4%B8%AD%E9%A4%90
INFO: [ app_init ] --START--
INFO: Run Behavior\BuildLiteBehavior [ RunTime:0.002033s ]
INFO: [ app_init ] --END-- [ RunTime:0.004637s ]
INFO: [ app_begin ] --START--
INFO: Run Behavior\ReadHtmlCacheBehavior [ RunTime:0.006274s ]
INFO: [ app_begin ] --END-- [ RunTime:0.007044s ]
NOTIC: [8] Undefined index: title E:\WAMPSERVER\wamp\www\IHG\Application\Home\Controller\IndexController.class.php 第 7 行.
NOTIC: [8] Undefined index: p E:\WAMPSERVER\wamp\www\IHG\Application\Home\Controller\IndexController.class.php 第 8 行.
NOTIC: [8192] mysql_connect(): The mysql extension is deprecated and will be removed in the future: use mysqli or PDO instead E:\WAMPSERVER\wamp\www\IHG\ThinkPHP\Library\Think\Db\Driver\Mysql.class.php 第 52 行.
SQL: SHOW COLUMNS FROM `ihg_page` [ RunTime:0.039489s ]
ERR: 1146:La table 't1.ihg_page' n'existe pas
 [ SQL语句 ] : SHOW COLUMNS FROM `ihg_page`
SQL: SHOW COLUMNS FROM `ihg_menu` [ RunTime:0.049791s ]
SQL: SELECT COUNT(*) AS tp_count FROM `ihg_menu` WHERE ( category="中餐" ) LIMIT 1   [ RunTime:0.001164s ]
SQL: SHOW COLUMNS FROM `ihg_position` [ RunTime:0.037629s ]
SQL: SELECT * FROM `ihg_position` ORDER BY time desc LIMIT 2   [ RunTime:0.001851s ]
SQL: SELECT * FROM `ihg_menu` WHERE ( category="中餐" ) LIMIT 0,8   [ RunTime:0.002437s ]
SQL: SHOW COLUMNS FROM `ihg_nav` [ RunTime:0.321269s ]
SQL: SELECT * FROM `ihg_nav`  [ RunTime:0.001424s ]
INFO: [ view_parse ] --START--
INFO: [ template_filter ] --START--
INFO: Run Behavior\ContentReplaceBehavior [ RunTime:0.000748s ]
INFO: [ template_filter ] --END-- [ RunTime:0.001348s ]
INFO: Run Behavior\ParseTemplateBehavior [ RunTime:0.161865s ]
INFO: [ view_parse ] --END-- [ RunTime:0.163401s ]
INFO: [ view_filter ] --START--
INFO: Run Behavior\WriteHtmlCacheBehavior [ RunTime:0.009234s ]
INFO: [ view_filter ] --END-- [ RunTime:0.009967s ]
INFO: [ app_end ] --START--
INFO: Run Behavior\ShowPageTraceBehavior [ RunTime:0.039458s ]
INFO: [ app_end ] --END-- [ RunTime:0.041771s ]

[ 2017-08-19T14:44:50+08:00 ] ::1 /IHG/index.php/home/todaymenu/index
INFO: [ app_init ] --START--
INFO: Run Behavior\BuildLiteBehavior [ RunTime:0.002201s ]
INFO: [ app_init ] --END-- [ RunTime:0.004538s ]
INFO: [ app_begin ] --START--
INFO: Run Behavior\ReadHtmlCacheBehavior [ RunTime:0.004463s ]
INFO: [ app_begin ] --END-- [ RunTime:0.005228s ]
NOTIC: [8192] mysql_connect(): The mysql extension is deprecated and will be removed in the future: use mysqli or PDO instead E:\WAMPSERVER\wamp\www\IHG\ThinkPHP\Library\Think\Db\Driver\Mysql.class.php 第 52 行.
SQL: SHOW COLUMNS FROM `ihg_nav` [ RunTime:0.034078s ]
SQL: SELECT * FROM `ihg_nav`  [ RunTime:0.001123s ]
INFO: [ view_parse ] --START--
INFO: [ template_filter ] --START--
INFO: Run Behavior\ContentReplaceBehavior [ RunTime:0.000980s ]
INFO: [ template_filter ] --END-- [ RunTime:0.001667s ]
SQL: SHOW COLUMNS FROM `ihg_menu` [ RunTime:0.038734s ]
SQL: SELECT * FROM `ihg_menu` INNER JOIN ihg_todaymenu on ihg_todaymenu.menu_id=ihg_menu.menu_id  WHERE ( ihg_todaymenu.category="西餐"AND ihg_todaymenu.time>1503072000 )  [ RunTime:0.001220s ]
NOTIC: [8] Undefined variable: page E:\WAMPSERVER\wamp\www\IHG\Application\Runtime\Cache\Home\571c4ebd15c92a1dcecc58c1a4012590.php 第 250 行.
SQL: SELECT * FROM `ihg_menu` INNER JOIN ihg_todaymenu on ihg_todaymenu.menu_id=ihg_menu.menu_id  WHERE ( ihg_todaymenu.category="中餐"AND ihg_todaymenu.time>1503072000 )  [ RunTime:0.001590s ]
NOTIC: [8] Undefined variable: page E:\WAMPSERVER\wamp\www\IHG\Application\Runtime\Cache\Home\571c4ebd15c92a1dcecc58c1a4012590.php 第 250 行.
SQL: SELECT * FROM `ihg_menu` INNER JOIN ihg_todaymenu on ihg_todaymenu.menu_id=ihg_menu.menu_id  WHERE ( ihg_todaymenu.category="冷菜"AND ihg_todaymenu.time>1503072000 )  [ RunTime:0.001083s ]
NOTIC: [8] Undefined variable: page E:\WAMPSERVER\wamp\www\IHG\Application\Runtime\Cache\Home\571c4ebd15c92a1dcecc58c1a4012590.php 第 250 行.
SQL: SELECT * FROM `ihg_menu` INNER JOIN ihg_todaymenu on ihg_todaymenu.menu_id=ihg_menu.menu_id  WHERE ( ihg_todaymenu.category="水果"AND ihg_todaymenu.time>1503072000 )  [ RunTime:0.001210s ]
NOTIC: [8] Undefined variable: page E:\WAMPSERVER\wamp\www\IHG\Application\Runtime\Cache\Home\571c4ebd15c92a1dcecc58c1a4012590.php 第 250 行.
SQL: SELECT * FROM `ihg_menu` INNER JOIN ihg_todaymenu on ihg_todaymenu.menu_id=ihg_menu.menu_id  WHERE ( ihg_todaymenu.category="面包"AND ihg_todaymenu.time>1503072000 )  [ RunTime:0.001391s ]
NOTIC: [8] Undefined variable: page E:\WAMPSERVER\wamp\www\IHG\Application\Runtime\Cache\Home\571c4ebd15c92a1dcecc58c1a4012590.php 第 250 行.
INFO: Run Behavior\ParseTemplateBehavior [ RunTime:0.196978s ]
INFO: [ view_parse ] --END-- [ RunTime:0.197772s ]
INFO: [ view_filter ] --START--
INFO: Run Behavior\WriteHtmlCacheBehavior [ RunTime:0.001970s ]
INFO: [ view_filter ] --END-- [ RunTime:0.002383s ]
INFO: [ app_end ] --START--
INFO: Run Behavior\ShowPageTraceBehavior [ RunTime:0.003443s ]
INFO: [ app_end ] --END-- [ RunTime:0.004164s ]

[ 2017-08-19T14:44:53+08:00 ] ::1 /IHG/index.php/home/index/index?category=%E5%86%B7%E8%8F%9C
INFO: [ app_init ] --START--
INFO: Run Behavior\BuildLiteBehavior [ RunTime:0.000202s ]
INFO: [ app_init ] --END-- [ RunTime:0.003025s ]
INFO: [ app_begin ] --START--
INFO: Run Behavior\ReadHtmlCacheBehavior [ RunTime:0.004591s ]
INFO: [ app_begin ] --END-- [ RunTime:0.005373s ]
NOTIC: [8] Undefined index: title E:\WAMPSERVER\wamp\www\IHG\Application\Home\Controller\IndexController.class.php 第 7 行.
NOTIC: [8] Undefined index: p E:\WAMPSERVER\wamp\www\IHG\Application\Home\Controller\IndexController.class.php 第 8 行.
NOTIC: [8192] mysql_connect(): The mysql extension is deprecated and will be removed in the future: use mysqli or PDO instead E:\WAMPSERVER\wamp\www\IHG\ThinkPHP\Library\Think\Db\Driver\Mysql.class.php 第 52 行.
SQL: SHOW COLUMNS FROM `ihg_page` [ RunTime:0.021535s ]
ERR: 1146:La table 't1.ihg_page' n'existe pas
 [ SQL语句 ] : SHOW COLUMNS FROM `ihg_page`
SQL: SHOW COLUMNS FROM `ihg_menu` [ RunTime:0.134563s ]
SQL: SELECT COUNT(*) AS tp_count FROM `ihg_menu` WHERE ( category="冷菜" ) LIMIT 1   [ RunTime:0.001400s ]
SQL: SHOW COLUMNS FROM `ihg_position` [ RunTime:0.105932s ]
SQL: SELECT * FROM `ihg_position` ORDER BY time desc LIMIT 2   [ RunTime:0.002298s ]
SQL: SELECT * FROM `ihg_menu` WHERE ( category="冷菜" ) LIMIT 0,8   [ RunTime:0.001371s ]
SQL: SHOW COLUMNS FROM `ihg_nav` [ RunTime:0.121604s ]
SQL: SELECT * FROM `ihg_nav`  [ RunTime:0.000984s ]
INFO: [ view_parse ] --START--
INFO: [ template_filter ] --START--
INFO: Run Behavior\ContentReplaceBehavior [ RunTime:0.002697s ]
INFO: [ template_filter ] --END-- [ RunTime:0.012761s ]
INFO: Run Behavior\ParseTemplateBehavior [ RunTime:0.156960s ]
INFO: [ view_parse ] --END-- [ RunTime:0.157786s ]
INFO: [ view_filter ] --START--
INFO: Run Behavior\WriteHtmlCacheBehavior [ RunTime:0.005121s ]
INFO: [ view_filter ] --END-- [ RunTime:0.006675s ]
INFO: [ app_end ] --START--
INFO: Run Behavior\ShowPageTraceBehavior [ RunTime:0.005800s ]
INFO: [ app_end ] --END-- [ RunTime:0.006620s ]

[ 2017-08-19T14:45:00+08:00 ] ::1 /IHG/admin.php/admin/index/todaymenu
INFO: [ app_init ] --START--
INFO: Run Behavior\BuildLiteBehavior [ RunTime:0.000152s ]
INFO: [ app_init ] --END-- [ RunTime:0.012401s ]
INFO: [ app_begin ] --START--
INFO: Run Behavior\ReadHtmlCacheBehavior [ RunTime:0.004363s ]
INFO: [ app_begin ] --END-- [ RunTime:0.005333s ]
NOTIC: [8] Undefined index: time E:\WAMPSERVER\wamp\www\IHG\Application\Admin\Controller\IndexController.class.php 第 89 行.
NOTIC: [8192] mysql_connect(): The mysql extension is deprecated and will be removed in the future: use mysqli or PDO instead E:\WAMPSERVER\wamp\www\IHG\ThinkPHP\Library\Think\Db\Driver\Mysql.class.php 第 52 行.
SQL: SHOW COLUMNS FROM `ihg_todaymenu` [ RunTime:0.027948s ]
SQL: SELECT * FROM `ihg_todaymenu` WHERE ( time>=1503072000 and time<=1503158400 ) ORDER BY category asc, time desc  [ RunTime:0.001471s ]
INFO: [ view_parse ] --START--
INFO: [ template_filter ] --START--
INFO: Run Behavior\ContentReplaceBehavior [ RunTime:0.000286s ]
INFO: [ template_filter ] --END-- [ RunTime:0.000693s ]
INFO: Run Behavior\ParseTemplateBehavior [ RunTime:0.061850s ]
INFO: [ view_parse ] --END-- [ RunTime:0.062664s ]
INFO: [ view_filter ] --START--
INFO: Run Behavior\WriteHtmlCacheBehavior [ RunTime:0.001582s ]
INFO: [ view_filter ] --END-- [ RunTime:0.001982s ]
INFO: [ app_end ] --START--
INFO: Run Behavior\ShowPageTraceBehavior [ RunTime:0.002443s ]
INFO: [ app_end ] --END-- [ RunTime:0.003051s ]

[ 2017-08-19T14:45:07+08:00 ] ::1 /IHG/admin.php/admin/index/todaymenu/time/2017-08-17
INFO: [ app_init ] --START--
INFO: Run Behavior\BuildLiteBehavior [ RunTime:0.000141s ]
INFO: [ app_init ] --END-- [ RunTime:0.002344s ]
INFO: [ app_begin ] --START--
INFO: Run Behavior\ReadHtmlCacheBehavior [ RunTime:0.003515s ]
INFO: [ app_begin ] --END-- [ RunTime:0.004254s ]
NOTIC: [8192] mysql_connect(): The mysql extension is deprecated and will be removed in the future: use mysqli or PDO instead E:\WAMPSERVER\wamp\www\IHG\ThinkPHP\Library\Think\Db\Driver\Mysql.class.php 第 52 行.
SQL: SHOW COLUMNS FROM `ihg_todaymenu` [ RunTime:0.055957s ]
SQL: SELECT * FROM `ihg_todaymenu` WHERE ( time>=1502899200 and time<=1502985600 ) ORDER BY category asc, time desc  [ RunTime:0.001659s ]
INFO: [ view_parse ] --START--
INFO: [ template_filter ] --START--
INFO: Run Behavior\ContentReplaceBehavior [ RunTime:0.000432s ]
INFO: [ template_filter ] --END-- [ RunTime:0.001002s ]
INFO: Run Behavior\ParseTemplateBehavior [ RunTime:0.056885s ]
INFO: [ view_parse ] --END-- [ RunTime:0.057481s ]
INFO: [ view_filter ] --START--
INFO: Run Behavior\WriteHtmlCacheBehavior [ RunTime:0.002691s ]
INFO: [ view_filter ] --END-- [ RunTime:0.003260s ]
INFO: [ app_end ] --START--
INFO: Run Behavior\ShowPageTraceBehavior [ RunTime:0.003937s ]
INFO: [ app_end ] --END-- [ RunTime:0.004685s ]

[ 2017-08-19T14:45:15+08:00 ] ::1 /IHG/admin.php/admin/editor/delete3month/dm/1
INFO: [ app_init ] --START--
INFO: Run Behavior\BuildLiteBehavior [ RunTime:0.000145s ]
INFO: [ app_init ] --END-- [ RunTime:0.002205s ]
INFO: [ app_begin ] --START--
INFO: Run Behavior\ReadHtmlCacheBehavior [ RunTime:0.003826s ]
INFO: [ app_begin ] --END-- [ RunTime:0.004545s ]
NOTIC: [8192] mysql_connect(): The mysql extension is deprecated and will be removed in the future: use mysqli or PDO instead E:\WAMPSERVER\wamp\www\IHG\ThinkPHP\Library\Think\Db\Driver\Mysql.class.php 第 52 行.
SQL: SHOW COLUMNS FROM `ihg_todaymenu` [ RunTime:0.185524s ]
SQL: DELETE FROM `ihg_todaymenu` WHERE ( time<1495349115 ) [ RunTime:0.000766s ]
INFO: [ app_end ] --START--
INFO: Run Behavior\ShowPageTraceBehavior [ RunTime:0.003564s ]
INFO: [ app_end ] --END-- [ RunTime:0.004198s ]

[ 2017-08-19T14:45:16+08:00 ] ::1 /IHG/admin.php/admin/index/todaymenu/
INFO: [ app_init ] --START--
INFO: Run Behavior\BuildLiteBehavior [ RunTime:0.000153s ]
INFO: [ app_init ] --END-- [ RunTime:0.002926s ]
INFO: [ app_begin ] --START--
INFO: Run Behavior\ReadHtmlCacheBehavior [ RunTime:0.003422s ]
INFO: [ app_begin ] --END-- [ RunTime:0.004124s ]
NOTIC: [8] Undefined index: time E:\WAMPSERVER\wamp\www\IHG\Application\Admin\Controller\IndexController.class.php 第 89 行.
NOTIC: [8192] mysql_connect(): The mysql extension is deprecated and will be removed in the future: use mysqli or PDO instead E:\WAMPSERVER\wamp\www\IHG\ThinkPHP\Library\Think\Db\Driver\Mysql.class.php 第 52 行.
SQL: SHOW COLUMNS FROM `ihg_todaymenu` [ RunTime:0.141965s ]
SQL: SELECT * FROM `ihg_todaymenu` WHERE ( time>=1503072000 and time<=1503158400 ) ORDER BY category asc, time desc  [ RunTime:0.001354s ]
INFO: [ view_parse ] --START--
INFO: [ template_filter ] --START--
INFO: Run Behavior\ContentReplaceBehavior [ RunTime:0.000289s ]
INFO: [ template_filter ] --END-- [ RunTime:0.000701s ]
INFO: Run Behavior\ParseTemplateBehavior [ RunTime:0.043839s ]
INFO: [ view_parse ] --END-- [ RunTime:0.044289s ]
INFO: [ view_filter ] --START--
INFO: Run Behavior\WriteHtmlCacheBehavior [ RunTime:0.001453s ]
INFO: [ view_filter ] --END-- [ RunTime:0.001845s ]
INFO: [ app_end ] --START--
INFO: Run Behavior\ShowPageTraceBehavior [ RunTime:0.002176s ]
INFO: [ app_end ] --END-- [ RunTime:0.002577s ]

[ 2017-08-19T14:45:30+08:00 ] ::1 /IHG/index.php/home/todaymenu/index
INFO: [ app_init ] --START--
INFO: Run Behavior\BuildLiteBehavior [ RunTime:0.000468s ]
INFO: [ app_init ] --END-- [ RunTime:0.002571s ]
INFO: [ app_begin ] --START--
INFO: Run Behavior\ReadHtmlCacheBehavior [ RunTime:0.010463s ]
INFO: [ app_begin ] --END-- [ RunTime:0.012020s ]
NOTIC: [8192] mysql_connect(): The mysql extension is deprecated and will be removed in the future: use mysqli or PDO instead E:\WAMPSERVER\wamp\www\IHG\ThinkPHP\Library\Think\Db\Driver\Mysql.class.php 第 52 行.
SQL: SHOW COLUMNS FROM `ihg_nav` [ RunTime:0.025579s ]
SQL: SELECT * FROM `ihg_nav`  [ RunTime:0.001113s ]
INFO: [ view_parse ] --START--
INFO: [ template_filter ] --START--
INFO: Run Behavior\ContentReplaceBehavior [ RunTime:0.001893s ]
INFO: [ template_filter ] --END-- [ RunTime:0.002977s ]
SQL: SHOW COLUMNS FROM `ihg_menu` [ RunTime:0.039640s ]
SQL: SELECT * FROM `ihg_menu` INNER JOIN ihg_todaymenu on ihg_todaymenu.menu_id=ihg_menu.menu_id  WHERE ( ihg_todaymenu.category="西餐"AND ihg_todaymenu.time>1503072000 )  [ RunTime:0.002290s ]
NOTIC: [8] Undefined variable: page E:\WAMPSERVER\wamp\www\IHG\Application\Runtime\Cache\Home\571c4ebd15c92a1dcecc58c1a4012590.php 第 250 行.
SQL: SELECT * FROM `ihg_menu` INNER JOIN ihg_todaymenu on ihg_todaymenu.menu_id=ihg_menu.menu_id  WHERE ( ihg_todaymenu.category="中餐"AND ihg_todaymenu.time>1503072000 )  [ RunTime:0.001865s ]
NOTIC: [8] Undefined variable: page E:\WAMPSERVER\wamp\www\IHG\Application\Runtime\Cache\Home\571c4ebd15c92a1dcecc58c1a4012590.php 第 250 行.
SQL: SELECT * FROM `ihg_menu` INNER JOIN ihg_todaymenu on ihg_todaymenu.menu_id=ihg_menu.menu_id  WHERE ( ihg_todaymenu.category="冷菜"AND ihg_todaymenu.time>1503072000 )  [ RunTime:0.001742s ]
NOTIC: [8] Undefined variable: page E:\WAMPSERVER\wamp\www\IHG\Application\Runtime\Cache\Home\571c4ebd15c92a1dcecc58c1a4012590.php 第 250 行.
SQL: SELECT * FROM `ihg_menu` INNER JOIN ihg_todaymenu on ihg_todaymenu.menu_id=ihg_menu.menu_id  WHERE ( ihg_todaymenu.category="水果"AND ihg_todaymenu.time>1503072000 )  [ RunTime:0.001870s ]
NOTIC: [8] Undefined variable: page E:\WAMPSERVER\wamp\www\IHG\Application\Runtime\Cache\Home\571c4ebd15c92a1dcecc58c1a4012590.php 第 250 行.
SQL: SELECT * FROM `ihg_menu` INNER JOIN ihg_todaymenu on ihg_todaymenu.menu_id=ihg_menu.menu_id  WHERE ( ihg_todaymenu.category="面包"AND ihg_todaymenu.time>1503072000 )  [ RunTime:0.001728s ]
NOTIC: [8] Undefined variable: page E:\WAMPSERVER\wamp\www\IHG\Application\Runtime\Cache\Home\571c4ebd15c92a1dcecc58c1a4012590.php 第 250 行.
INFO: Run Behavior\ParseTemplateBehavior [ RunTime:0.233589s ]
INFO: [ view_parse ] --END-- [ RunTime:0.234328s ]
INFO: [ view_filter ] --START--
INFO: Run Behavior\WriteHtmlCacheBehavior [ RunTime:0.003089s ]
INFO: [ view_filter ] --END-- [ RunTime:0.003791s ]
INFO: [ app_end ] --START--
INFO: Run Behavior\ShowPageTraceBehavior [ RunTime:0.002774s ]
INFO: [ app_end ] --END-- [ RunTime:0.003219s ]

[ 2017-08-19T14:46:17+08:00 ] ::1 /IHG/admin.php/admin/index/todaymenu/time/2017-08-17
INFO: [ app_init ] --START--
INFO: Run Behavior\BuildLiteBehavior [ RunTime:0.000096s ]
INFO: [ app_init ] --END-- [ RunTime:0.001701s ]
INFO: [ app_begin ] --START--
INFO: Run Behavior\ReadHtmlCacheBehavior [ RunTime:0.004502s ]
INFO: [ app_begin ] --END-- [ RunTime:0.005259s ]
NOTIC: [8192] mysql_connect(): The mysql extension is deprecated and will be removed in the future: use mysqli or PDO instead E:\WAMPSERVER\wamp\www\IHG\ThinkPHP\Library\Think\Db\Driver\Mysql.class.php 第 52 行.
SQL: SHOW COLUMNS FROM `ihg_todaymenu` [ RunTime:0.175168s ]
SQL: SELECT * FROM `ihg_todaymenu` WHERE ( time>=1502899200 and time<=1502985600 ) ORDER BY category asc, time desc  [ RunTime:0.001616s ]
INFO: [ view_parse ] --START--
INFO: [ template_filter ] --START--
INFO: Run Behavior\ContentReplaceBehavior [ RunTime:0.000288s ]
INFO: [ template_filter ] --END-- [ RunTime:0.000703s ]
INFO: Run Behavior\ParseTemplateBehavior [ RunTime:0.051088s ]
INFO: [ view_parse ] --END-- [ RunTime:0.051711s ]
INFO: [ view_filter ] --START--
INFO: Run Behavior\WriteHtmlCacheBehavior [ RunTime:0.002125s ]
INFO: [ view_filter ] --END-- [ RunTime:0.002542s ]
INFO: [ app_end ] --START--
INFO: Run Behavior\ShowPageTraceBehavior [ RunTime:0.003727s ]
INFO: [ app_end ] --END-- [ RunTime:0.004500s ]

[ 2017-08-19T14:46:32+08:00 ] ::1 /IHG/index.php/home/todaymenu/index
INFO: [ app_init ] --START--
INFO: Run Behavior\BuildLiteBehavior [ RunTime:0.000147s ]
INFO: [ app_init ] --END-- [ RunTime:0.002546s ]
INFO: [ app_begin ] --START--
INFO: Run Behavior\ReadHtmlCacheBehavior [ RunTime:0.003771s ]
INFO: [ app_begin ] --END-- [ RunTime:0.004554s ]
NOTIC: [8192] mysql_connect(): The mysql extension is deprecated and will be removed in the future: use mysqli or PDO instead E:\WAMPSERVER\wamp\www\IHG\ThinkPHP\Library\Think\Db\Driver\Mysql.class.php 第 52 行.
SQL: SHOW COLUMNS FROM `ihg_nav` [ RunTime:0.015128s ]
SQL: SELECT * FROM `ihg_nav`  [ RunTime:0.001009s ]
INFO: [ view_parse ] --START--
INFO: [ template_filter ] --START--
INFO: Run Behavior\ContentReplaceBehavior [ RunTime:0.001053s ]
INFO: [ template_filter ] --END-- [ RunTime:0.001772s ]
SQL: SHOW COLUMNS FROM `ihg_menu` [ RunTime:0.016785s ]
SQL: SELECT * FROM `ihg_menu` INNER JOIN ihg_todaymenu on ihg_todaymenu.menu_id=ihg_menu.menu_id  WHERE ( ihg_todaymenu.category="西餐"AND ihg_todaymenu.time>1503072000 )  [ RunTime:0.001761s ]
NOTIC: [8] Undefined variable: page E:\WAMPSERVER\wamp\www\IHG\Application\Runtime\Cache\Home\571c4ebd15c92a1dcecc58c1a4012590.php 第 250 行.
SQL: SELECT * FROM `ihg_menu` INNER JOIN ihg_todaymenu on ihg_todaymenu.menu_id=ihg_menu.menu_id  WHERE ( ihg_todaymenu.category="中餐"AND ihg_todaymenu.time>1503072000 )  [ RunTime:0.001669s ]
NOTIC: [8] Undefined variable: page E:\WAMPSERVER\wamp\www\IHG\Application\Runtime\Cache\Home\571c4ebd15c92a1dcecc58c1a4012590.php 第 250 行.
SQL: SELECT * FROM `ihg_menu` INNER JOIN ihg_todaymenu on ihg_todaymenu.menu_id=ihg_menu.menu_id  WHERE ( ihg_todaymenu.category="冷菜"AND ihg_todaymenu.time>1503072000 )  [ RunTime:0.001600s ]
NOTIC: [8] Undefined variable: page E:\WAMPSERVER\wamp\www\IHG\Application\Runtime\Cache\Home\571c4ebd15c92a1dcecc58c1a4012590.php 第 250 行.
SQL: SELECT * FROM `ihg_menu` INNER JOIN ihg_todaymenu on ihg_todaymenu.menu_id=ihg_menu.menu_id  WHERE ( ihg_todaymenu.category="水果"AND ihg_todaymenu.time>1503072000 )  [ RunTime:0.001650s ]
NOTIC: [8] Undefined variable: page E:\WAMPSERVER\wamp\www\IHG\Application\Runtime\Cache\Home\571c4ebd15c92a1dcecc58c1a4012590.php 第 250 行.
SQL: SELECT * FROM `ihg_menu` INNER JOIN ihg_todaymenu on ihg_todaymenu.menu_id=ihg_menu.menu_id  WHERE ( ihg_todaymenu.category="面包"AND ihg_todaymenu.time>1503072000 )  [ RunTime:0.001665s ]
NOTIC: [8] Undefined variable: page E:\WAMPSERVER\wamp\www\IHG\Application\Runtime\Cache\Home\571c4ebd15c92a1dcecc58c1a4012590.php 第 250 行.
INFO: Run Behavior\ParseTemplateBehavior [ RunTime:0.185495s ]
INFO: [ view_parse ] --END-- [ RunTime:0.186212s ]
INFO: [ view_filter ] --START--
INFO: Run Behavior\WriteHtmlCacheBehavior [ RunTime:0.002785s ]
INFO: [ view_filter ] --END-- [ RunTime:0.003474s ]
INFO: [ app_end ] --START--
INFO: Run Behavior\ShowPageTraceBehavior [ RunTime:0.003636s ]
INFO: [ app_end ] --END-- [ RunTime:0.004358s ]

[ 2017-08-19T14:46:32+08:00 ] ::1 /IHG/admin.php/admin/index/todaymenu/time/2017-08-17
INFO: [ app_init ] --START--
INFO: Run Behavior\BuildLiteBehavior [ RunTime:0.000150s ]
INFO: [ app_init ] --END-- [ RunTime:0.043267s ]
INFO: [ app_begin ] --START--
INFO: Run Behavior\ReadHtmlCacheBehavior [ RunTime:0.005922s ]
INFO: [ app_begin ] --END-- [ RunTime:0.006666s ]
NOTIC: [8192] mysql_connect(): The mysql extension is deprecated and will be removed in the future: use mysqli or PDO instead E:\WAMPSERVER\wamp\www\IHG\ThinkPHP\Library\Think\Db\Driver\Mysql.class.php 第 52 行.
SQL: SHOW COLUMNS FROM `ihg_todaymenu` [ RunTime:0.022250s ]
SQL: SELECT * FROM `ihg_todaymenu` WHERE ( time>=1502899200 and time<=1502985600 ) ORDER BY category asc, time desc  [ RunTime:0.004141s ]
INFO: [ view_parse ] --START--
INFO: [ template_filter ] --START--
INFO: Run Behavior\ContentReplaceBehavior [ RunTime:0.000477s ]
INFO: [ template_filter ] --END-- [ RunTime:0.001212s ]
INFO: Run Behavior\ParseTemplateBehavior [ RunTime:0.072235s ]
INFO: [ view_parse ] --END-- [ RunTime:0.073287s ]
INFO: [ view_filter ] --START--
INFO: Run Behavior\WriteHtmlCacheBehavior [ RunTime:0.010798s ]
INFO: [ view_filter ] --END-- [ RunTime:0.011757s ]
INFO: [ app_end ] --START--
INFO: Run Behavior\ShowPageTraceBehavior [ RunTime:0.005148s ]
INFO: [ app_end ] --END-- [ RunTime:0.006476s ]

[ 2017-08-19T21:02:54+08:00 ] ::1 /IHG/admin.php/admin/index/todaymenu/time/2017-08-17
INFO: [ app_init ] --START--
INFO: Run Behavior\BuildLiteBehavior [ RunTime:0.000144s ]
INFO: [ app_init ] --END-- [ RunTime:0.058796s ]
INFO: [ app_begin ] --START--
INFO: Run Behavior\ReadHtmlCacheBehavior [ RunTime:0.095920s ]
INFO: [ app_begin ] --END-- [ RunTime:0.096603s ]
NOTIC: [8192] mysql_connect(): The mysql extension is deprecated and will be removed in the future: use mysqli or PDO instead E:\WAMPSERVER\wamp\www\IHG\ThinkPHP\Library\Think\Db\Driver\Mysql.class.php 第 52 行.
SQL: SHOW COLUMNS FROM `ihg_todaymenu` [ RunTime:0.603390s ]
SQL: SELECT * FROM `ihg_todaymenu` WHERE ( time>=1502899200 and time<=1502985600 ) ORDER BY category asc, time desc  [ RunTime:0.067294s ]
INFO: [ view_parse ] --START--
INFO: [ template_filter ] --START--
INFO: Run Behavior\ContentReplaceBehavior [ RunTime:0.000475s ]
INFO: [ template_filter ] --END-- [ RunTime:0.001197s ]
INFO: Run Behavior\ParseTemplateBehavior [ RunTime:0.382833s ]
INFO: [ view_parse ] --END-- [ RunTime:0.383634s ]
INFO: [ view_filter ] --START--
INFO: Run Behavior\WriteHtmlCacheBehavior [ RunTime:0.128209s ]
INFO: [ view_filter ] --END-- [ RunTime:0.128936s ]
INFO: [ app_end ] --START--
INFO: Run Behavior\ShowPageTraceBehavior [ RunTime:0.032911s ]
INFO: [ app_end ] --END-- [ RunTime:0.033647s ]

[ 2017-08-19T21:02:56+08:00 ] ::1 /IHG/index.php/home/todaymenu/index
INFO: [ app_init ] --START--
INFO: Run Behavior\BuildLiteBehavior [ RunTime:0.000156s ]
INFO: [ app_init ] --END-- [ RunTime:0.058835s ]
INFO: [ app_begin ] --START--
INFO: Run Behavior\ReadHtmlCacheBehavior [ RunTime:0.092478s ]
INFO: [ app_begin ] --END-- [ RunTime:0.093263s ]
NOTIC: [8192] mysql_connect(): The mysql extension is deprecated and will be removed in the future: use mysqli or PDO instead E:\WAMPSERVER\wamp\www\IHG\ThinkPHP\Library\Think\Db\Driver\Mysql.class.php 第 52 行.
SQL: SHOW COLUMNS FROM `ihg_nav` [ RunTime:0.602597s ]
SQL: SELECT * FROM `ihg_nav`  [ RunTime:0.001194s ]
INFO: [ view_parse ] --START--
INFO: [ template_filter ] --START--
INFO: Run Behavior\ContentReplaceBehavior [ RunTime:0.007285s ]
INFO: [ template_filter ] --END-- [ RunTime:0.008177s ]
SQL: SHOW COLUMNS FROM `ihg_menu` [ RunTime:0.786059s ]
SQL: SELECT * FROM `ihg_menu` INNER JOIN ihg_todaymenu on ihg_todaymenu.menu_id=ihg_menu.menu_id  WHERE ( ihg_todaymenu.category="西餐"AND ihg_todaymenu.time>1503072000 )  [ RunTime:0.540443s ]
NOTIC: [8] Undefined variable: page E:\WAMPSERVER\wamp\www\IHG\Application\Runtime\Cache\Home\571c4ebd15c92a1dcecc58c1a4012590.php 第 250 行.
SQL: SELECT * FROM `ihg_menu` INNER JOIN ihg_todaymenu on ihg_todaymenu.menu_id=ihg_menu.menu_id  WHERE ( ihg_todaymenu.category="中餐"AND ihg_todaymenu.time>1503072000 )  [ RunTime:0.001240s ]
NOTIC: [8] Undefined variable: page E:\WAMPSERVER\wamp\www\IHG\Application\Runtime\Cache\Home\571c4ebd15c92a1dcecc58c1a4012590.php 第 250 行.
SQL: SELECT * FROM `ihg_menu` INNER JOIN ihg_todaymenu on ihg_todaymenu.menu_id=ihg_menu.menu_id  WHERE ( ihg_todaymenu.category="冷菜"AND ihg_todaymenu.time>1503072000 )  [ RunTime:0.001475s ]
NOTIC: [8] Undefined variable: page E:\WAMPSERVER\wamp\www\IHG\Application\Runtime\Cache\Home\571c4ebd15c92a1dcecc58c1a4012590.php 第 250 行.
SQL: SELECT * FROM `ihg_menu` INNER JOIN ihg_todaymenu on ihg_todaymenu.menu_id=ihg_menu.menu_id  WHERE ( ihg_todaymenu.category="水果"AND ihg_todaymenu.time>1503072000 )  [ RunTime:0.001680s ]
NOTIC: [8] Undefined variable: page E:\WAMPSERVER\wamp\www\IHG\Application\Runtime\Cache\Home\571c4ebd15c92a1dcecc58c1a4012590.php 第 250 行.
SQL: SELECT * FROM `ihg_menu` INNER JOIN ihg_todaymenu on ihg_todaymenu.menu_id=ihg_menu.menu_id  WHERE ( ihg_todaymenu.category="面包"AND ihg_todaymenu.time>1503072000 )  [ RunTime:0.001240s ]
NOTIC: [8] Undefined variable: page E:\WAMPSERVER\wamp\www\IHG\Application\Runtime\Cache\Home\571c4ebd15c92a1dcecc58c1a4012590.php 第 250 行.
INFO: Run Behavior\ParseTemplateBehavior [ RunTime:1.861522s ]
INFO: [ view_parse ] --END-- [ RunTime:1.862102s ]
INFO: [ view_filter ] --START--
INFO: Run Behavior\WriteHtmlCacheBehavior [ RunTime:0.001308s ]
INFO: [ view_filter ] --END-- [ RunTime:0.001700s ]
INFO: [ app_end ] --START--
INFO: Run Behavior\ShowPageTraceBehavior [ RunTime:0.002312s ]
INFO: [ app_end ] --END-- [ RunTime:0.002742s ]

[ 2017-08-19T21:04:56+08:00 ] ::1 /IHG/index.php/admin/editor/delete/deletetable/2/id/3
INFO: [ app_init ] --START--
INFO: Run Behavior\BuildLiteBehavior [ RunTime:0.000093s ]
INFO: [ app_init ] --END-- [ RunTime:0.002429s ]
INFO: [ app_begin ] --START--
INFO: Run Behavior\ReadHtmlCacheBehavior [ RunTime:0.003703s ]
INFO: [ app_begin ] --END-- [ RunTime:0.004407s ]
NOTIC: [8192] mysql_connect(): The mysql extension is deprecated and will be removed in the future: use mysqli or PDO instead E:\WAMPSERVER\wamp\www\IHG\ThinkPHP\Library\Think\Db\Driver\Mysql.class.php 第 52 行.
SQL: SHOW COLUMNS FROM `ihg_todaymenu` [ RunTime:0.134186s ]
SQL: DELETE FROM `ihg_todaymenu` WHERE ( menu_id=3 ) [ RunTime:0.376404s ]
INFO: [ view_parse ] --START--
INFO: [ template_filter ] --START--
INFO: Run Behavior\ContentReplaceBehavior [ RunTime:0.000323s ]
INFO: [ template_filter ] --END-- [ RunTime:0.001104s ]
INFO: Run Behavior\ParseTemplateBehavior [ RunTime:0.153237s ]
INFO: [ view_parse ] --END-- [ RunTime:0.154113s ]
INFO: [ view_filter ] --START--
INFO: Run Behavior\WriteHtmlCacheBehavior [ RunTime:0.002383s ]
INFO: [ view_filter ] --END-- [ RunTime:0.002791s ]
INFO: [ app_end ] --START--
INFO: Run Behavior\ShowPageTraceBehavior [ RunTime:0.003342s ]
INFO: [ app_end ] --END-- [ RunTime:0.003877s ]

[ 2017-08-19T21:04:58+08:00 ] ::1 /IHG/admin.php/admin/index/todaymenu
INFO: [ app_init ] --START--
INFO: Run Behavior\BuildLiteBehavior [ RunTime:0.000147s ]
INFO: [ app_init ] --END-- [ RunTime:0.002739s ]
INFO: [ app_begin ] --START--
INFO: Run Behavior\ReadHtmlCacheBehavior [ RunTime:0.005261s ]
INFO: [ app_begin ] --END-- [ RunTime:0.006324s ]
NOTIC: [8] Undefined index: time E:\WAMPSERVER\wamp\www\IHG\Application\Admin\Controller\IndexController.class.php 第 89 行.
NOTIC: [8192] mysql_connect(): The mysql extension is deprecated and will be removed in the future: use mysqli or PDO instead E:\WAMPSERVER\wamp\www\IHG\ThinkPHP\Library\Think\Db\Driver\Mysql.class.php 第 52 行.
SQL: SHOW COLUMNS FROM `ihg_todaymenu` [ RunTime:0.049531s ]
SQL: SELECT * FROM `ihg_todaymenu` WHERE ( time>=1503072000 and time<=1503158400 ) ORDER BY category asc, time desc  [ RunTime:0.001338s ]
INFO: [ view_parse ] --START--
INFO: [ template_filter ] --START--
INFO: Run Behavior\ContentReplaceBehavior [ RunTime:0.000308s ]
INFO: [ template_filter ] --END-- [ RunTime:0.000846s ]
INFO: Run Behavior\ParseTemplateBehavior [ RunTime:0.050943s ]
INFO: [ view_parse ] --END-- [ RunTime:0.051744s ]
INFO: [ view_filter ] --START--
INFO: Run Behavior\WriteHtmlCacheBehavior [ RunTime:0.002625s ]
INFO: [ view_filter ] --END-- [ RunTime:0.003169s ]
INFO: [ app_end ] --START--
INFO: Run Behavior\ShowPageTraceBehavior [ RunTime:0.002646s ]
INFO: [ app_end ] --END-- [ RunTime:0.003096s ]

[ 2017-08-19T21:05:03+08:00 ] ::1 /IHG/admin.php/admin/index/todaymenu/time/2017-08-17
INFO: [ app_init ] --START--
INFO: Run Behavior\BuildLiteBehavior [ RunTime:0.000093s ]
INFO: [ app_init ] --END-- [ RunTime:0.002276s ]
INFO: [ app_begin ] --START--
INFO: Run Behavior\ReadHtmlCacheBehavior [ RunTime:0.007860s ]
INFO: [ app_begin ] --END-- [ RunTime:0.009006s ]
NOTIC: [8192] mysql_connect(): The mysql extension is deprecated and will be removed in the future: use mysqli or PDO instead E:\WAMPSERVER\wamp\www\IHG\ThinkPHP\Library\Think\Db\Driver\Mysql.class.php 第 52 行.
SQL: SHOW COLUMNS FROM `ihg_todaymenu` [ RunTime:0.131962s ]
SQL: SELECT * FROM `ihg_todaymenu` WHERE ( time>=1502899200 and time<=1502985600 ) ORDER BY category asc, time desc  [ RunTime:0.001438s ]
INFO: [ view_parse ] --START--
INFO: [ template_filter ] --START--
INFO: Run Behavior\ContentReplaceBehavior [ RunTime:0.000619s ]
INFO: [ template_filter ] --END-- [ RunTime:0.001356s ]
INFO: Run Behavior\ParseTemplateBehavior [ RunTime:0.063257s ]
INFO: [ view_parse ] --END-- [ RunTime:0.063927s ]
INFO: [ view_filter ] --START--
INFO: Run Behavior\WriteHtmlCacheBehavior [ RunTime:0.003652s ]
INFO: [ view_filter ] --END-- [ RunTime:0.004350s ]
INFO: [ app_end ] --START--
INFO: Run Behavior\ShowPageTraceBehavior [ RunTime:0.004987s ]
INFO: [ app_end ] --END-- [ RunTime:0.006091s ]

[ 2017-08-19T21:05:09+08:00 ] ::1 /IHG/index.php/admin/editor/delete/deletetable/2/id/4
INFO: [ app_init ] --START--
INFO: Run Behavior\BuildLiteBehavior [ RunTime:0.000148s ]
INFO: [ app_init ] --END-- [ RunTime:0.002637s ]
INFO: [ app_begin ] --START--
INFO: Run Behavior\ReadHtmlCacheBehavior [ RunTime:0.002927s ]
INFO: [ app_begin ] --END-- [ RunTime:0.003382s ]
NOTIC: [8192] mysql_connect(): The mysql extension is deprecated and will be removed in the future: use mysqli or PDO instead E:\WAMPSERVER\wamp\www\IHG\ThinkPHP\Library\Think\Db\Driver\Mysql.class.php 第 52 行.
SQL: SHOW COLUMNS FROM `ihg_todaymenu` [ RunTime:0.571824s ]
SQL: DELETE FROM `ihg_todaymenu` WHERE ( menu_id=4 ) [ RunTime:0.256057s ]
INFO: [ view_parse ] --START--
INFO: [ template_filter ] --START--
INFO: Run Behavior\ContentReplaceBehavior [ RunTime:0.000223s ]
INFO: [ template_filter ] --END-- [ RunTime:0.000671s ]
INFO: Run Behavior\ParseTemplateBehavior [ RunTime:0.030561s ]
INFO: [ view_parse ] --END-- [ RunTime:0.031414s ]
INFO: [ view_filter ] --START--
INFO: Run Behavior\WriteHtmlCacheBehavior [ RunTime:0.002370s ]
INFO: [ view_filter ] --END-- [ RunTime:0.003065s ]
INFO: [ app_end ] --START--
INFO: Run Behavior\ShowPageTraceBehavior [ RunTime:0.003099s ]
INFO: [ app_end ] --END-- [ RunTime:0.003544s ]

[ 2017-08-19T21:05:10+08:00 ] ::1 /IHG/admin.php/admin/index/todaymenu
INFO: [ app_init ] --START--
INFO: Run Behavior\BuildLiteBehavior [ RunTime:0.000176s ]
INFO: [ app_init ] --END-- [ RunTime:0.007139s ]
INFO: [ app_begin ] --START--
INFO: Run Behavior\ReadHtmlCacheBehavior [ RunTime:0.006002s ]
INFO: [ app_begin ] --END-- [ RunTime:0.007404s ]
NOTIC: [8] Undefined index: time E:\WAMPSERVER\wamp\www\IHG\Application\Admin\Controller\IndexController.class.php 第 89 行.
NOTIC: [8192] mysql_connect(): The mysql extension is deprecated and will be removed in the future: use mysqli or PDO instead E:\WAMPSERVER\wamp\www\IHG\ThinkPHP\Library\Think\Db\Driver\Mysql.class.php 第 52 行.
SQL: SHOW COLUMNS FROM `ihg_todaymenu` [ RunTime:0.081652s ]
SQL: SELECT * FROM `ihg_todaymenu` WHERE ( time>=1503072000 and time<=1503158400 ) ORDER BY category asc, time desc  [ RunTime:0.002063s ]
INFO: [ view_parse ] --START--
INFO: [ template_filter ] --START--
INFO: Run Behavior\ContentReplaceBehavior [ RunTime:0.000604s ]
INFO: [ template_filter ] --END-- [ RunTime:0.001356s ]
INFO: Run Behavior\ParseTemplateBehavior [ RunTime:0.062567s ]
INFO: [ view_parse ] --END-- [ RunTime:0.063732s ]
INFO: [ view_filter ] --START--
INFO: Run Behavior\WriteHtmlCacheBehavior [ RunTime:0.003864s ]
INFO: [ view_filter ] --END-- [ RunTime:0.004660s ]
INFO: [ app_end ] --START--
INFO: Run Behavior\ShowPageTraceBehavior [ RunTime:0.004343s ]
INFO: [ app_end ] --END-- [ RunTime:0.005032s ]

[ 2017-08-19T21:05:15+08:00 ] ::1 /IHG/admin.php/admin/index/todaymenu/time/2017-08-17
INFO: [ app_init ] --START--
INFO: Run Behavior\BuildLiteBehavior [ RunTime:0.000151s ]
INFO: [ app_init ] --END-- [ RunTime:0.003449s ]
INFO: [ app_begin ] --START--
INFO: Run Behavior\ReadHtmlCacheBehavior [ RunTime:0.003769s ]
INFO: [ app_begin ] --END-- [ RunTime:0.004474s ]
NOTIC: [8192] mysql_connect(): The mysql extension is deprecated and will be removed in the future: use mysqli or PDO instead E:\WAMPSERVER\wamp\www\IHG\ThinkPHP\Library\Think\Db\Driver\Mysql.class.php 第 52 行.
SQL: SHOW COLUMNS FROM `ihg_todaymenu` [ RunTime:0.042063s ]
SQL: SELECT * FROM `ihg_todaymenu` WHERE ( time>=1502899200 and time<=1502985600 ) ORDER BY category asc, time desc  [ RunTime:0.001617s ]
INFO: [ view_parse ] --START--
INFO: [ template_filter ] --START--
INFO: Run Behavior\ContentReplaceBehavior [ RunTime:0.000494s ]
INFO: [ template_filter ] --END-- [ RunTime:0.001222s ]
INFO: Run Behavior\ParseTemplateBehavior [ RunTime:0.097812s ]
INFO: [ view_parse ] --END-- [ RunTime:0.100829s ]
INFO: [ view_filter ] --START--
INFO: Run Behavior\WriteHtmlCacheBehavior [ RunTime:0.004576s ]
INFO: [ view_filter ] --END-- [ RunTime:0.007226s ]
INFO: [ app_end ] --START--
INFO: Run Behavior\ShowPageTraceBehavior [ RunTime:0.017293s ]
INFO: [ app_end ] --END-- [ RunTime:0.018518s ]

[ 2017-08-19T21:05:20+08:00 ] ::1 /IHG/admin.php/admin/index/comment
INFO: [ app_init ] --START--
INFO: Run Behavior\BuildLiteBehavior [ RunTime:0.000157s ]
INFO: [ app_init ] --END-- [ RunTime:0.008218s ]
INFO: [ app_begin ] --START--
INFO: Run Behavior\ReadHtmlCacheBehavior [ RunTime:0.004002s ]
INFO: [ app_begin ] --END-- [ RunTime:0.004793s ]
NOTIC: [8] Undefined index: p E:\WAMPSERVER\wamp\www\IHG\Application\Admin\Controller\IndexController.class.php 第 68 行.
NOTIC: [8] Undefined index: search E:\WAMPSERVER\wamp\www\IHG\Application\Admin\Controller\IndexController.class.php 第 69 行.
NOTIC: [8192] mysql_connect(): The mysql extension is deprecated and will be removed in the future: use mysqli or PDO instead E:\WAMPSERVER\wamp\www\IHG\ThinkPHP\Library\Think\Db\Driver\Mysql.class.php 第 52 行.
SQL: SHOW COLUMNS FROM `ihg_page` [ RunTime:0.034055s ]
ERR: 1146:La table 't1.ihg_page' n'existe pas
 [ SQL语句 ] : SHOW COLUMNS FROM `ihg_page`
SQL: SHOW COLUMNS FROM `ihg_comment` [ RunTime:0.340053s ]
SQL: SELECT COUNT(*) AS tp_count FROM `ihg_comment` LIMIT 1   [ RunTime:0.000994s ]
SQL: SHOW COLUMNS FROM `ihg_menu` [ RunTime:0.024985s ]
SQL: SELECT * FROM `ihg_menu`  [ RunTime:0.059855s ]
SQL: SELECT * FROM `ihg_comment` ORDER BY time desc LIMIT 0,15   [ RunTime:0.001097s ]
INFO: [ view_parse ] --START--
INFO: [ template_filter ] --START--
INFO: Run Behavior\ContentReplaceBehavior [ RunTime:0.000286s ]
INFO: [ template_filter ] --END-- [ RunTime:0.000713s ]
INFO: Run Behavior\ParseTemplateBehavior [ RunTime:0.058704s ]
INFO: [ view_parse ] --END-- [ RunTime:0.059703s ]
INFO: [ view_filter ] --START--
INFO: Run Behavior\WriteHtmlCacheBehavior [ RunTime:0.002833s ]
INFO: [ view_filter ] --END-- [ RunTime:0.003628s ]
INFO: [ app_end ] --START--
INFO: Run Behavior\ShowPageTraceBehavior [ RunTime:0.006573s ]
INFO: [ app_end ] --END-- [ RunTime:0.007310s ]

[ 2017-08-19T21:05:22+08:00 ] ::1 /IHG/admin.php/admin/index/index/position/1
INFO: [ app_init ] --START--
INFO: Run Behavior\BuildLiteBehavior [ RunTime:0.000116s ]
INFO: [ app_init ] --END-- [ RunTime:0.001638s ]
INFO: [ app_begin ] --START--
INFO: Run Behavior\ReadHtmlCacheBehavior [ RunTime:0.002359s ]
INFO: [ app_begin ] --END-- [ RunTime:0.002812s ]
NOTIC: [8] Undefined index: p E:\WAMPSERVER\wamp\www\IHG\Application\Admin\Controller\IndexController.class.php 第 10 行.
NOTIC: [8] Undefined index: orderwhere E:\WAMPSERVER\wamp\www\IHG\Application\Admin\Controller\IndexController.class.php 第 13 行.
NOTIC: [8] Undefined index: orderwhere E:\WAMPSERVER\wamp\www\IHG\Application\Admin\Controller\IndexController.class.php 第 14 行.
NOTIC: [8192] mysql_connect(): The mysql extension is deprecated and will be removed in the future: use mysqli or PDO instead E:\WAMPSERVER\wamp\www\IHG\ThinkPHP\Library\Think\Db\Driver\Mysql.class.php 第 52 行.
SQL: SHOW COLUMNS FROM `ihg_position` [ RunTime:0.040024s ]
SQL: SELECT * FROM `ihg_position` ORDER BY time desc LIMIT 0,10   [ RunTime:0.036495s ]
SQL: SHOW COLUMNS FROM `ihg_page` [ RunTime:0.150099s ]
ERR: 1146:La table 't1.ihg_page' n'existe pas
 [ SQL语句 ] : SHOW COLUMNS FROM `ihg_page`
SQL: SELECT COUNT(*) AS tp_count FROM `ihg_position` LIMIT 1   [ RunTime:0.001063s ]
INFO: [ view_parse ] --START--
INFO: [ template_filter ] --START--
INFO: Run Behavior\ContentReplaceBehavior [ RunTime:0.000434s ]
INFO: [ template_filter ] --END-- [ RunTime:0.001002s ]
INFO: Run Behavior\ParseTemplateBehavior [ RunTime:0.226094s ]
INFO: [ view_parse ] --END-- [ RunTime:0.226681s ]
INFO: [ view_filter ] --START--
INFO: Run Behavior\WriteHtmlCacheBehavior [ RunTime:0.001780s ]
INFO: [ view_filter ] --END-- [ RunTime:0.002173s ]
INFO: [ app_end ] --START--
INFO: Run Behavior\ShowPageTraceBehavior [ RunTime:0.003042s ]
INFO: [ app_end ] --END-- [ RunTime:0.003448s ]

[ 2017-08-19T21:05:24+08:00 ] ::1 /IHG/admin.php
INFO: [ app_init ] --START--
INFO: Run Behavior\BuildLiteBehavior [ RunTime:0.000223s ]
INFO: [ app_init ] --END-- [ RunTime:0.022784s ]
INFO: [ app_begin ] --START--
INFO: Run Behavior\ReadHtmlCacheBehavior [ RunTime:0.005556s ]
INFO: [ app_begin ] --END-- [ RunTime:0.006411s ]
NOTIC: [8] Undefined index: p E:\WAMPSERVER\wamp\www\IHG\Application\Admin\Controller\IndexController.class.php 第 10 行.
NOTIC: [8] Undefined index: position E:\WAMPSERVER\wamp\www\IHG\Application\Admin\Controller\IndexController.class.php 第 11 行.
NOTIC: [8] Undefined index: orderwhere E:\WAMPSERVER\wamp\www\IHG\Application\Admin\Controller\IndexController.class.php 第 13 行.
NOTIC: [8] Undefined index: orderwhere E:\WAMPSERVER\wamp\www\IHG\Application\Admin\Controller\IndexController.class.php 第 14 行.
NOTIC: [8192] mysql_connect(): The mysql extension is deprecated and will be removed in the future: use mysqli or PDO instead E:\WAMPSERVER\wamp\www\IHG\ThinkPHP\Library\Think\Db\Driver\Mysql.class.php 第 52 行.
SQL: SHOW COLUMNS FROM `ihg_menu` [ RunTime:0.080579s ]
SQL: SELECT * FROM `ihg_menu` ORDER BY menu_id desc LIMIT 0,10   [ RunTime:0.003187s ]
SQL: SHOW COLUMNS FROM `ihg_page` [ RunTime:0.152447s ]
ERR: 1146:La table 't1.ihg_page' n'existe pas
 [ SQL语句 ] : SHOW COLUMNS FROM `ihg_page`
SQL: SELECT COUNT(*) AS tp_count FROM `ihg_menu` LIMIT 1   [ RunTime:0.001844s ]
INFO: [ view_parse ] --START--
INFO: [ template_filter ] --START--
INFO: Run Behavior\ContentReplaceBehavior [ RunTime:0.000971s ]
INFO: [ template_filter ] --END-- [ RunTime:0.002295s ]
INFO: Run Behavior\ParseTemplateBehavior [ RunTime:0.178573s ]
INFO: [ view_parse ] --END-- [ RunTime:0.179349s ]
INFO: [ view_filter ] --START--
INFO: Run Behavior\WriteHtmlCacheBehavior [ RunTime:0.006217s ]
INFO: [ view_filter ] --END-- [ RunTime:0.007182s ]
INFO: [ app_end ] --START--
INFO: Run Behavior\ShowPageTraceBehavior [ RunTime:0.011076s ]
INFO: [ app_end ] --END-- [ RunTime:0.019060s ]

[ 2017-08-19T21:07:57+08:00 ] ::1 /IHG/index.php/admin/Addtodaymenu/index
INFO: [ app_init ] --START--
INFO: Run Behavior\BuildLiteBehavior [ RunTime:0.000090s ]
INFO: [ app_init ] --END-- [ RunTime:0.001545s ]
INFO: [ app_begin ] --START--
INFO: Run Behavior\ReadHtmlCacheBehavior [ RunTime:0.002625s ]
INFO: [ app_begin ] --END-- [ RunTime:0.003060s ]
NOTIC: [8] Use of undefined constant addtoday - assumed 'addtoday' E:\WAMPSERVER\wamp\www\IHG\Application\Admin\Controller\AddtodaymenuController.class.php 第 5 行.
NOTIC: [8192] mysql_connect(): The mysql extension is deprecated and will be removed in the future: use mysqli or PDO instead E:\WAMPSERVER\wamp\www\IHG\ThinkPHP\Library\Think\Db\Driver\Mysql.class.php 第 52 行.
SQL: SHOW COLUMNS FROM `ihg_menu` [ RunTime:0.111130s ]
SQL: SELECT * FROM `ihg_menu` WHERE ( menu_id=14 ) LIMIT 1   [ RunTime:0.001571s ]
SQL: SHOW COLUMNS FROM `ihg_todaymenu` [ RunTime:0.124324s ]
SQL: INSERT INTO `ihg_todaymenu` (`menu_id`,`category`,`time`,`title`) VALUES (14,'中餐',1503148071,'爆炒泡椒猪肝') [ RunTime:3.021143s ]
SQL: SELECT * FROM `ihg_menu` WHERE ( menu_id=13 ) LIMIT 1   [ RunTime:0.001232s ]
SQL: INSERT INTO `ihg_todaymenu` (`menu_id`,`category`,`time`,`title`) VALUES (13,'中餐',1503148074,'南瓜粥') [ RunTime:1.234031s ]
SQL: SELECT * FROM `ihg_menu` WHERE ( menu_id=12 ) LIMIT 1   [ RunTime:0.000846s ]
SQL: INSERT INTO `ihg_todaymenu` (`menu_id`,`category`,`time`,`title`) VALUES (12,'中餐',1503148076,'清蒸鲈鱼') [ RunTime:0.392668s ]
SQL: SELECT * FROM `ihg_menu` WHERE ( menu_id=7 ) LIMIT 1   [ RunTime:0.000822s ]
SQL: INSERT INTO `ihg_todaymenu` (`menu_id`,`category`,`time`,`title`) VALUES (7,'面包',1503148076,'挤挤小面包') [ RunTime:0.595726s ]
SQL: SELECT * FROM `ihg_menu` WHERE ( menu_id=6 ) LIMIT 1   [ RunTime:0.000899s ]
SQL: INSERT INTO `ihg_todaymenu` (`menu_id`,`category`,`time`,`title`) VALUES (6,'水果',1503148077,'水果沙拉') [ RunTime:0.473748s ]
SQL: SELECT * FROM `ihg_menu` WHERE ( menu_id=5 ) LIMIT 1   [ RunTime:0.000819s ]
SQL: INSERT INTO `ihg_todaymenu` (`menu_id`,`category`,`time`,`title`) VALUES (5,'冷菜',1503148077,'西兰花鸡蛋金枪鱼沙拉') [ RunTime:0.284139s ]

[ 2017-08-19T21:08:08+08:00 ] ::1 /IHG/admin.php/admin/index/todaymenu
INFO: [ app_init ] --START--
INFO: Run Behavior\BuildLiteBehavior [ RunTime:0.000087s ]
INFO: [ app_init ] --END-- [ RunTime:0.001489s ]
INFO: [ app_begin ] --START--
INFO: Run Behavior\ReadHtmlCacheBehavior [ RunTime:0.004833s ]
INFO: [ app_begin ] --END-- [ RunTime:0.005802s ]
NOTIC: [8] Undefined index: time E:\WAMPSERVER\wamp\www\IHG\Application\Admin\Controller\IndexController.class.php 第 89 行.
NOTIC: [8192] mysql_connect(): The mysql extension is deprecated and will be removed in the future: use mysqli or PDO instead E:\WAMPSERVER\wamp\www\IHG\ThinkPHP\Library\Think\Db\Driver\Mysql.class.php 第 52 行.
SQL: SHOW COLUMNS FROM `ihg_todaymenu` [ RunTime:1.514477s ]
SQL: SELECT * FROM `ihg_todaymenu` WHERE ( time>=1503072000 and time<=1503158400 ) ORDER BY category asc, time desc  [ RunTime:0.001435s ]
INFO: [ view_parse ] --START--
INFO: [ template_filter ] --START--
INFO: Run Behavior\ContentReplaceBehavior [ RunTime:0.000455s ]
INFO: [ template_filter ] --END-- [ RunTime:0.001061s ]
INFO: Run Behavior\ParseTemplateBehavior [ RunTime:0.059664s ]
INFO: [ view_parse ] --END-- [ RunTime:0.060414s ]
INFO: [ view_filter ] --START--
INFO: Run Behavior\WriteHtmlCacheBehavior [ RunTime:0.002875s ]
INFO: [ view_filter ] --END-- [ RunTime:0.003562s ]
INFO: [ app_end ] --START--
INFO: Run Behavior\ShowPageTraceBehavior [ RunTime:0.004179s ]
INFO: [ app_end ] --END-- [ RunTime:0.004837s ]

[ 2017-08-19T21:08:13+08:00 ] ::1 /IHG/index.php/home/todaymenu/index
INFO: [ app_init ] --START--
INFO: Run Behavior\BuildLiteBehavior [ RunTime:0.000088s ]
INFO: [ app_init ] --END-- [ RunTime:0.001462s ]
INFO: [ app_begin ] --START--
INFO: Run Behavior\ReadHtmlCacheBehavior [ RunTime:0.003463s ]
INFO: [ app_begin ] --END-- [ RunTime:0.004778s ]
NOTIC: [8192] mysql_connect(): The mysql extension is deprecated and will be removed in the future: use mysqli or PDO instead E:\WAMPSERVER\wamp\www\IHG\ThinkPHP\Library\Think\Db\Driver\Mysql.class.php 第 52 行.
SQL: SHOW COLUMNS FROM `ihg_nav` [ RunTime:0.504410s ]
SQL: SELECT * FROM `ihg_nav`  [ RunTime:0.001126s ]
INFO: [ view_parse ] --START--
INFO: [ template_filter ] --START--
INFO: Run Behavior\ContentReplaceBehavior [ RunTime:0.001163s ]
INFO: [ template_filter ] --END-- [ RunTime:0.001861s ]
SQL: SHOW COLUMNS FROM `ihg_menu` [ RunTime:0.818851s ]
SQL: SELECT * FROM `ihg_menu` INNER JOIN ihg_todaymenu on ihg_todaymenu.menu_id=ihg_menu.menu_id  WHERE ( ihg_todaymenu.category="西餐"AND ihg_todaymenu.time>1503072000 )  [ RunTime:0.003057s ]
NOTIC: [8] Undefined variable: page E:\WAMPSERVER\wamp\www\IHG\Application\Runtime\Cache\Home\571c4ebd15c92a1dcecc58c1a4012590.php 第 250 行.
SQL: SELECT * FROM `ihg_menu` INNER JOIN ihg_todaymenu on ihg_todaymenu.menu_id=ihg_menu.menu_id  WHERE ( ihg_todaymenu.category="中餐"AND ihg_todaymenu.time>1503072000 )  [ RunTime:0.002485s ]
NOTIC: [8] Undefined variable: page E:\WAMPSERVER\wamp\www\IHG\Application\Runtime\Cache\Home\571c4ebd15c92a1dcecc58c1a4012590.php 第 250 行.
SQL: SELECT * FROM `ihg_menu` INNER JOIN ihg_todaymenu on ihg_todaymenu.menu_id=ihg_menu.menu_id  WHERE ( ihg_todaymenu.category="冷菜"AND ihg_todaymenu.time>1503072000 )  [ RunTime:0.001452s ]
NOTIC: [8] Undefined variable: page E:\WAMPSERVER\wamp\www\IHG\Application\Runtime\Cache\Home\571c4ebd15c92a1dcecc58c1a4012590.php 第 250 行.
SQL: SELECT * FROM `ihg_menu` INNER JOIN ihg_todaymenu on ihg_todaymenu.menu_id=ihg_menu.menu_id  WHERE ( ihg_todaymenu.category="水果"AND ihg_todaymenu.time>1503072000 )  [ RunTime:0.001634s ]
NOTIC: [8] Undefined variable: page E:\WAMPSERVER\wamp\www\IHG\Application\Runtime\Cache\Home\571c4ebd15c92a1dcecc58c1a4012590.php 第 250 行.
SQL: SELECT * FROM `ihg_menu` INNER JOIN ihg_todaymenu on ihg_todaymenu.menu_id=ihg_menu.menu_id  WHERE ( ihg_todaymenu.category="面包"AND ihg_todaymenu.time>1503072000 )  [ RunTime:0.001380s ]
NOTIC: [8] Undefined variable: page E:\WAMPSERVER\wamp\www\IHG\Application\Runtime\Cache\Home\571c4ebd15c92a1dcecc58c1a4012590.php 第 250 行.
INFO: Run Behavior\ParseTemplateBehavior [ RunTime:0.978393s ]
INFO: [ view_parse ] --END-- [ RunTime:0.979111s ]
INFO: [ view_filter ] --START--
INFO: Run Behavior\WriteHtmlCacheBehavior [ RunTime:0.003071s ]
INFO: [ view_filter ] --END-- [ RunTime:0.003781s ]
INFO: [ app_end ] --START--
INFO: Run Behavior\ShowPageTraceBehavior [ RunTime:0.004198s ]
INFO: [ app_end ] --END-- [ RunTime:0.004947s ]

[ 2017-08-19T21:09:07+08:00 ] ::1 /IHG/admin.php/admin/index/comment
INFO: [ app_init ] --START--
INFO: Run Behavior\BuildLiteBehavior [ RunTime:0.000147s ]
INFO: [ app_init ] --END-- [ RunTime:0.002965s ]
INFO: [ app_begin ] --START--
INFO: Run Behavior\ReadHtmlCacheBehavior [ RunTime:0.003657s ]
INFO: [ app_begin ] --END-- [ RunTime:0.004419s ]
NOTIC: [8] Undefined index: p E:\WAMPSERVER\wamp\www\IHG\Application\Admin\Controller\IndexController.class.php 第 68 行.
NOTIC: [8] Undefined index: search E:\WAMPSERVER\wamp\www\IHG\Application\Admin\Controller\IndexController.class.php 第 69 行.
NOTIC: [8192] mysql_connect(): The mysql extension is deprecated and will be removed in the future: use mysqli or PDO instead E:\WAMPSERVER\wamp\www\IHG\ThinkPHP\Library\Think\Db\Driver\Mysql.class.php 第 52 行.
SQL: SHOW COLUMNS FROM `ihg_page` [ RunTime:0.024896s ]
ERR: 1146:La table 't1.ihg_page' n'existe pas
 [ SQL语句 ] : SHOW COLUMNS FROM `ihg_page`
SQL: SHOW COLUMNS FROM `ihg_comment` [ RunTime:0.149043s ]
SQL: SELECT COUNT(*) AS tp_count FROM `ihg_comment` LIMIT 1   [ RunTime:0.001052s ]
SQL: SHOW COLUMNS FROM `ihg_menu` [ RunTime:0.168458s ]
SQL: SELECT * FROM `ihg_menu`  [ RunTime:0.002634s ]
SQL: SELECT * FROM `ihg_comment` ORDER BY time desc LIMIT 0,15   [ RunTime:0.001181s ]
INFO: [ view_parse ] --START--
INFO: [ template_filter ] --START--
INFO: Run Behavior\ContentReplaceBehavior [ RunTime:0.000753s ]
INFO: [ template_filter ] --END-- [ RunTime:0.001617s ]
INFO: Run Behavior\ParseTemplateBehavior [ RunTime:0.086305s ]
INFO: [ view_parse ] --END-- [ RunTime:0.086883s ]
INFO: [ view_filter ] --START--
INFO: Run Behavior\WriteHtmlCacheBehavior [ RunTime:0.001602s ]
INFO: [ view_filter ] --END-- [ RunTime:0.002152s ]
INFO: [ app_end ] --START--
INFO: Run Behavior\ShowPageTraceBehavior [ RunTime:0.003544s ]
INFO: [ app_end ] --END-- [ RunTime:0.004293s ]

