[ 2017-08-22T09:49:16+08:00 ] ::1 /IHG/index.php/home/todaymenu/index
INFO: [ app_init ] --START--
INFO: Run Behavior\BuildLiteBehavior [ RunTime:0.000161s ]
INFO: [ app_init ] --END-- [ RunTime:0.003135s ]
INFO: [ app_begin ] --START--
INFO: Run Behavior\ReadHtmlCacheBehavior [ RunTime:0.014891s ]
INFO: [ app_begin ] --END-- [ RunTime:0.015690s ]
NOTIC: [8192] mysql_connect(): The mysql extension is deprecated and will be removed in the future: use mysqli or PDO instead E:\WAMPSERVER\wamp\www\IHG\ThinkPHP\Library\Think\Db\Driver\Mysql.class.php 第 52 行.
SQL: SHOW COLUMNS FROM `ihg_nav` [ RunTime:0.034495s ]
SQL: SELECT * FROM `ihg_nav`  [ RunTime:0.001175s ]
INFO: [ view_parse ] --START--
INFO: [ template_filter ] --START--
INFO: Run Behavior\ContentReplaceBehavior [ RunTime:0.001065s ]
INFO: [ template_filter ] --END-- [ RunTime:0.001784s ]
SQL: SHOW COLUMNS FROM `ihg_menu` [ RunTime:0.018783s ]
SQL: SELECT * FROM `ihg_menu` INNER JOIN ihg_todaymenu on ihg_todaymenu.menu_id=ihg_menu.menu_id  WHERE ( ihg_todaymenu.category="西餐"AND ihg_todaymenu.time>1503331200 )  [ RunTime:0.001927s ]
NOTIC: [8] Undefined variable: page E:\WAMPSERVER\wamp\www\IHG\Application\Runtime\Cache\Home\571c4ebd15c92a1dcecc58c1a4012590.php 第 250 行.
SQL: SELECT * FROM `ihg_menu` INNER JOIN ihg_todaymenu on ihg_todaymenu.menu_id=ihg_menu.menu_id  WHERE ( ihg_todaymenu.category="中餐"AND ihg_todaymenu.time>1503331200 )  [ RunTime:0.001792s ]
NOTIC: [8] Undefined variable: page E:\WAMPSERVER\wamp\www\IHG\Application\Runtime\Cache\Home\571c4ebd15c92a1dcecc58c1a4012590.php 第 250 行.
SQL: SELECT * FROM `ihg_menu` INNER JOIN ihg_todaymenu on ihg_todaymenu.menu_id=ihg_menu.menu_id  WHERE ( ihg_todaymenu.category="冷菜"AND ihg_todaymenu.time>1503331200 )  [ RunTime:0.002041s ]
NOTIC: [8] Undefined variable: page E:\WAMPSERVER\wamp\www\IHG\Application\Runtime\Cache\Home\571c4ebd15c92a1dcecc58c1a4012590.php 第 250 行.
SQL: SELECT * FROM `ihg_menu` INNER JOIN ihg_todaymenu on ihg_todaymenu.menu_id=ihg_menu.menu_id  WHERE ( ihg_todaymenu.category="水果"AND ihg_todaymenu.time>1503331200 )  [ RunTime:0.001804s ]
NOTIC: [8] Undefined variable: page E:\WAMPSERVER\wamp\www\IHG\Application\Runtime\Cache\Home\571c4ebd15c92a1dcecc58c1a4012590.php 第 250 行.
SQL: SELECT * FROM `ihg_menu` INNER JOIN ihg_todaymenu on ihg_todaymenu.menu_id=ihg_menu.menu_id  WHERE ( ihg_todaymenu.category="面包"AND ihg_todaymenu.time>1503331200 )  [ RunTime:0.002070s ]
NOTIC: [8] Undefined variable: page E:\WAMPSERVER\wamp\www\IHG\Application\Runtime\Cache\Home\571c4ebd15c92a1dcecc58c1a4012590.php 第 250 行.
INFO: Run Behavior\ParseTemplateBehavior [ RunTime:0.192563s ]
INFO: [ view_parse ] --END-- [ RunTime:0.193268s ]
INFO: [ view_filter ] --START--
INFO: Run Behavior\WriteHtmlCacheBehavior [ RunTime:0.019640s ]
INFO: [ view_filter ] --END-- [ RunTime:0.020344s ]
INFO: [ app_end ] --START--
INFO: Run Behavior\ShowPageTraceBehavior [ RunTime:0.009068s ]
INFO: [ app_end ] --END-- [ RunTime:0.009824s ]

[ 2017-08-22T09:49:20+08:00 ] ::1 /IHG/index.php/home/index/index?category=%E4%B8%AD%E9%A4%90
INFO: [ app_init ] --START--
INFO: Run Behavior\BuildLiteBehavior [ RunTime:0.000153s ]
INFO: [ app_init ] --END-- [ RunTime:0.002404s ]
INFO: [ app_begin ] --START--
INFO: Run Behavior\ReadHtmlCacheBehavior [ RunTime:0.003167s ]
INFO: [ app_begin ] --END-- [ RunTime:0.003903s ]
NOTIC: [8] Undefined index: title E:\WAMPSERVER\wamp\www\IHG\Application\Home\Controller\IndexController.class.php 第 7 行.
NOTIC: [8] Undefined index: p E:\WAMPSERVER\wamp\www\IHG\Application\Home\Controller\IndexController.class.php 第 8 行.
NOTIC: [8192] mysql_connect(): The mysql extension is deprecated and will be removed in the future: use mysqli or PDO instead E:\WAMPSERVER\wamp\www\IHG\ThinkPHP\Library\Think\Db\Driver\Mysql.class.php 第 52 行.
SQL: SHOW COLUMNS FROM `ihg_page` [ RunTime:0.015119s ]
ERR: 1146:La table 't1.ihg_page' n'existe pas
 [ SQL语句 ] : SHOW COLUMNS FROM `ihg_page`
SQL: SHOW COLUMNS FROM `ihg_menu` [ RunTime:0.016363s ]
SQL: SELECT COUNT(*) AS tp_count FROM `ihg_menu` WHERE ( category="中餐" ) LIMIT 1   [ RunTime:0.001115s ]
SQL: SHOW COLUMNS FROM `ihg_position` [ RunTime:0.016447s ]
SQL: SELECT * FROM `ihg_position` ORDER BY time desc LIMIT 2   [ RunTime:0.001720s ]
SQL: SELECT * FROM `ihg_menu` WHERE ( category="中餐" ) LIMIT 0,8   [ RunTime:0.002766s ]
SQL: SHOW COLUMNS FROM `ihg_nav` [ RunTime:0.016798s ]
SQL: SELECT * FROM `ihg_nav`  [ RunTime:0.000987s ]
INFO: [ view_parse ] --START--
INFO: [ template_filter ] --START--
INFO: Run Behavior\ContentReplaceBehavior [ RunTime:0.001094s ]
INFO: [ template_filter ] --END-- [ RunTime:0.002015s ]
INFO: Run Behavior\ParseTemplateBehavior [ RunTime:0.236118s ]
INFO: [ view_parse ] --END-- [ RunTime:0.238690s ]
INFO: [ view_filter ] --START--
INFO: Run Behavior\WriteHtmlCacheBehavior [ RunTime:0.002842s ]
INFO: [ view_filter ] --END-- [ RunTime:0.004188s ]
INFO: [ app_end ] --START--
INFO: Run Behavior\ShowPageTraceBehavior [ RunTime:0.005065s ]
INFO: [ app_end ] --END-- [ RunTime:0.006140s ]

[ 2017-08-22T09:49:31+08:00 ] ::1 /IHG/index.php/home/index/index?category=%E5%86%B7%E8%8F%9C
INFO: [ app_init ] --START--
INFO: Run Behavior\BuildLiteBehavior [ RunTime:0.000154s ]
INFO: [ app_init ] --END-- [ RunTime:0.003046s ]
INFO: [ app_begin ] --START--
INFO: Run Behavior\ReadHtmlCacheBehavior [ RunTime:0.004074s ]
INFO: [ app_begin ] --END-- [ RunTime:0.004848s ]
NOTIC: [8] Undefined index: title E:\WAMPSERVER\wamp\www\IHG\Application\Home\Controller\IndexController.class.php 第 7 行.
NOTIC: [8] Undefined index: p E:\WAMPSERVER\wamp\www\IHG\Application\Home\Controller\IndexController.class.php 第 8 行.
NOTIC: [8192] mysql_connect(): The mysql extension is deprecated and will be removed in the future: use mysqli or PDO instead E:\WAMPSERVER\wamp\www\IHG\ThinkPHP\Library\Think\Db\Driver\Mysql.class.php 第 52 行.
SQL: SHOW COLUMNS FROM `ihg_page` [ RunTime:0.014513s ]
ERR: 1146:La table 't1.ihg_page' n'existe pas
 [ SQL语句 ] : SHOW COLUMNS FROM `ihg_page`
SQL: SHOW COLUMNS FROM `ihg_menu` [ RunTime:0.014408s ]
SQL: SELECT COUNT(*) AS tp_count FROM `ihg_menu` WHERE ( category="冷菜" ) LIMIT 1   [ RunTime:0.001191s ]
SQL: SHOW COLUMNS FROM `ihg_position` [ RunTime:0.013769s ]
SQL: SELECT * FROM `ihg_position` ORDER BY time desc LIMIT 2   [ RunTime:0.001392s ]
SQL: SELECT * FROM `ihg_menu` WHERE ( category="冷菜" ) LIMIT 0,8   [ RunTime:0.001302s ]
SQL: SHOW COLUMNS FROM `ihg_nav` [ RunTime:0.106552s ]
SQL: SELECT * FROM `ihg_nav`  [ RunTime:0.000810s ]
INFO: [ view_parse ] --START--
INFO: [ template_filter ] --START--
INFO: Run Behavior\ContentReplaceBehavior [ RunTime:0.001318s ]
INFO: [ template_filter ] --END-- [ RunTime:0.002077s ]
INFO: Run Behavior\ParseTemplateBehavior [ RunTime:0.122516s ]
INFO: [ view_parse ] --END-- [ RunTime:0.123152s ]
INFO: [ view_filter ] --START--
INFO: Run Behavior\WriteHtmlCacheBehavior [ RunTime:0.003429s ]
INFO: [ view_filter ] --END-- [ RunTime:0.004338s ]
INFO: [ app_end ] --START--
INFO: Run Behavior\ShowPageTraceBehavior [ RunTime:0.006094s ]
INFO: [ app_end ] --END-- [ RunTime:0.007756s ]

[ 2017-08-22T10:52:07+08:00 ] ::1 /IHG/admin.php/admin/index/comment
INFO: [ app_init ] --START--
INFO: Run Behavior\BuildLiteBehavior [ RunTime:0.000152s ]
INFO: [ app_init ] --END-- [ RunTime:0.006194s ]
INFO: [ app_begin ] --START--
INFO: Run Behavior\ReadHtmlCacheBehavior [ RunTime:0.011873s ]
INFO: [ app_begin ] --END-- [ RunTime:0.012340s ]
NOTIC: [8] Undefined index: p E:\WAMPSERVER\wamp\www\IHG\Application\Admin\Controller\IndexController.class.php 第 68 行.
NOTIC: [8] Undefined index: search E:\WAMPSERVER\wamp\www\IHG\Application\Admin\Controller\IndexController.class.php 第 69 行.
NOTIC: [8192] mysql_connect(): The mysql extension is deprecated and will be removed in the future: use mysqli or PDO instead E:\WAMPSERVER\wamp\www\IHG\ThinkPHP\Library\Think\Db\Driver\Mysql.class.php 第 52 行.
SQL: SHOW COLUMNS FROM `ihg_page` [ RunTime:0.020819s ]
ERR: 1146:La table 't1.ihg_page' n'existe pas
 [ SQL语句 ] : SHOW COLUMNS FROM `ihg_page`
SQL: SHOW COLUMNS FROM `ihg_comment` [ RunTime:0.013415s ]
SQL: SELECT COUNT(*) AS tp_count FROM `ihg_comment` LIMIT 1   [ RunTime:0.001030s ]
SQL: SHOW COLUMNS FROM `ihg_menu` [ RunTime:0.019631s ]
SQL: SELECT * FROM `ihg_menu`  [ RunTime:0.001999s ]
SQL: SELECT * FROM `ihg_comment` ORDER BY time desc LIMIT 0,15   [ RunTime:0.001273s ]
INFO: [ view_parse ] --START--
INFO: [ template_filter ] --START--
INFO: Run Behavior\ContentReplaceBehavior [ RunTime:0.000464s ]
INFO: [ template_filter ] --END-- [ RunTime:0.002299s ]
INFO: Run Behavior\ParseTemplateBehavior [ RunTime:0.091156s ]
INFO: [ view_parse ] --END-- [ RunTime:0.092424s ]
INFO: [ view_filter ] --START--
INFO: Run Behavior\WriteHtmlCacheBehavior [ RunTime:0.026095s ]
INFO: [ view_filter ] --END-- [ RunTime:0.027776s ]
INFO: [ app_end ] --START--
INFO: Run Behavior\ShowPageTraceBehavior [ RunTime:0.011157s ]
INFO: [ app_end ] --END-- [ RunTime:0.011886s ]

[ 2017-08-22T10:52:11+08:00 ] ::1 /IHG/admin.php/admin/index/index/position/1
INFO: [ app_init ] --START--
INFO: Run Behavior\BuildLiteBehavior [ RunTime:0.000150s ]
INFO: [ app_init ] --END-- [ RunTime:0.003108s ]
INFO: [ app_begin ] --START--
INFO: Run Behavior\ReadHtmlCacheBehavior [ RunTime:0.008265s ]
INFO: [ app_begin ] --END-- [ RunTime:0.009264s ]
NOTIC: [8] Undefined index: p E:\WAMPSERVER\wamp\www\IHG\Application\Admin\Controller\IndexController.class.php 第 10 行.
NOTIC: [8] Undefined index: orderwhere E:\WAMPSERVER\wamp\www\IHG\Application\Admin\Controller\IndexController.class.php 第 13 行.
NOTIC: [8] Undefined index: orderwhere E:\WAMPSERVER\wamp\www\IHG\Application\Admin\Controller\IndexController.class.php 第 14 行.
NOTIC: [8192] mysql_connect(): The mysql extension is deprecated and will be removed in the future: use mysqli or PDO instead E:\WAMPSERVER\wamp\www\IHG\ThinkPHP\Library\Think\Db\Driver\Mysql.class.php 第 52 行.
SQL: SHOW COLUMNS FROM `ihg_position` [ RunTime:0.059515s ]
SQL: SELECT * FROM `ihg_position` ORDER BY time desc LIMIT 0,10   [ RunTime:0.001930s ]
SQL: SHOW COLUMNS FROM `ihg_page` [ RunTime:0.015630s ]
ERR: 1146:La table 't1.ihg_page' n'existe pas
 [ SQL语句 ] : SHOW COLUMNS FROM `ihg_page`
SQL: SELECT COUNT(*) AS tp_count FROM `ihg_position` LIMIT 1   [ RunTime:0.001004s ]
INFO: [ view_parse ] --START--
INFO: [ template_filter ] --START--
INFO: Run Behavior\ContentReplaceBehavior [ RunTime:0.000307s ]
INFO: [ template_filter ] --END-- [ RunTime:0.000750s ]
INFO: Run Behavior\ParseTemplateBehavior [ RunTime:0.222202s ]
INFO: [ view_parse ] --END-- [ RunTime:0.223354s ]
INFO: [ view_filter ] --START--
INFO: Run Behavior\WriteHtmlCacheBehavior [ RunTime:0.004156s ]
INFO: [ view_filter ] --END-- [ RunTime:0.004802s ]
INFO: [ app_end ] --START--
INFO: Run Behavior\ShowPageTraceBehavior [ RunTime:0.002491s ]
INFO: [ app_end ] --END-- [ RunTime:0.002901s ]

[ 2017-08-22T10:52:12+08:00 ] ::1 /IHG/admin.php/admin/index/index/position/1
INFO: [ app_init ] --START--
INFO: Run Behavior\BuildLiteBehavior [ RunTime:0.000304s ]
INFO: [ app_init ] --END-- [ RunTime:0.004441s ]
INFO: [ app_begin ] --START--
INFO: Run Behavior\ReadHtmlCacheBehavior [ RunTime:0.006192s ]
INFO: [ app_begin ] --END-- [ RunTime:0.007094s ]
NOTIC: [8] Undefined index: p E:\WAMPSERVER\wamp\www\IHG\Application\Admin\Controller\IndexController.class.php 第 10 行.
NOTIC: [8] Undefined index: orderwhere E:\WAMPSERVER\wamp\www\IHG\Application\Admin\Controller\IndexController.class.php 第 13 行.
NOTIC: [8] Undefined index: orderwhere E:\WAMPSERVER\wamp\www\IHG\Application\Admin\Controller\IndexController.class.php 第 14 行.
NOTIC: [8192] mysql_connect(): The mysql extension is deprecated and will be removed in the future: use mysqli or PDO instead E:\WAMPSERVER\wamp\www\IHG\ThinkPHP\Library\Think\Db\Driver\Mysql.class.php 第 52 行.
SQL: SHOW COLUMNS FROM `ihg_position` [ RunTime:0.070456s ]
SQL: SELECT * FROM `ihg_position` ORDER BY time desc LIMIT 0,10   [ RunTime:0.002082s ]
SQL: SHOW COLUMNS FROM `ihg_page` [ RunTime:0.086128s ]
ERR: 1146:La table 't1.ihg_page' n'existe pas
 [ SQL语句 ] : SHOW COLUMNS FROM `ihg_page`
SQL: SELECT COUNT(*) AS tp_count FROM `ihg_position` LIMIT 1   [ RunTime:0.000986s ]
INFO: [ view_parse ] --START--
INFO: [ template_filter ] --START--
INFO: Run Behavior\ContentReplaceBehavior [ RunTime:0.000960s ]
INFO: [ template_filter ] --END-- [ RunTime:0.001727s ]
INFO: Run Behavior\ParseTemplateBehavior [ RunTime:0.081369s ]
INFO: [ view_parse ] --END-- [ RunTime:0.084826s ]
INFO: [ view_filter ] --START--
INFO: Run Behavior\WriteHtmlCacheBehavior [ RunTime:0.002400s ]
INFO: [ view_filter ] --END-- [ RunTime:0.003086s ]
INFO: [ app_end ] --START--
INFO: Run Behavior\ShowPageTraceBehavior [ RunTime:0.007204s ]
INFO: [ app_end ] --END-- [ RunTime:0.007957s ]

[ 2017-08-22T10:52:14+08:00 ] ::1 /IHG/admin.php
INFO: [ app_init ] --START--
INFO: Run Behavior\BuildLiteBehavior [ RunTime:0.000152s ]
INFO: [ app_init ] --END-- [ RunTime:0.005353s ]
INFO: [ app_begin ] --START--
INFO: Run Behavior\ReadHtmlCacheBehavior [ RunTime:0.004307s ]
INFO: [ app_begin ] --END-- [ RunTime:0.005570s ]
NOTIC: [8] Undefined index: p E:\WAMPSERVER\wamp\www\IHG\Application\Admin\Controller\IndexController.class.php 第 10 行.
NOTIC: [8] Undefined index: position E:\WAMPSERVER\wamp\www\IHG\Application\Admin\Controller\IndexController.class.php 第 11 行.
NOTIC: [8] Undefined index: orderwhere E:\WAMPSERVER\wamp\www\IHG\Application\Admin\Controller\IndexController.class.php 第 13 行.
NOTIC: [8] Undefined index: orderwhere E:\WAMPSERVER\wamp\www\IHG\Application\Admin\Controller\IndexController.class.php 第 14 行.
NOTIC: [8192] mysql_connect(): The mysql extension is deprecated and will be removed in the future: use mysqli or PDO instead E:\WAMPSERVER\wamp\www\IHG\ThinkPHP\Library\Think\Db\Driver\Mysql.class.php 第 52 行.
SQL: SHOW COLUMNS FROM `ihg_menu` [ RunTime:0.104475s ]
SQL: SELECT * FROM `ihg_menu` ORDER BY menu_id desc LIMIT 0,10   [ RunTime:0.001643s ]
SQL: SHOW COLUMNS FROM `ihg_page` [ RunTime:0.123013s ]
ERR: 1146:La table 't1.ihg_page' n'existe pas
 [ SQL语句 ] : SHOW COLUMNS FROM `ihg_page`
SQL: SELECT COUNT(*) AS tp_count FROM `ihg_menu` LIMIT 1   [ RunTime:0.000845s ]
INFO: [ view_parse ] --START--
INFO: [ template_filter ] --START--
INFO: Run Behavior\ContentReplaceBehavior [ RunTime:0.000315s ]
INFO: [ template_filter ] --END-- [ RunTime:0.000760s ]
INFO: Run Behavior\ParseTemplateBehavior [ RunTime:0.062871s ]
INFO: [ view_parse ] --END-- [ RunTime:0.063392s ]
INFO: [ view_filter ] --START--
INFO: Run Behavior\WriteHtmlCacheBehavior [ RunTime:0.001660s ]
INFO: [ view_filter ] --END-- [ RunTime:0.002110s ]
INFO: [ app_end ] --START--
INFO: Run Behavior\ShowPageTraceBehavior [ RunTime:0.004726s ]
INFO: [ app_end ] --END-- [ RunTime:0.006102s ]

[ 2017-08-22T10:52:28+08:00 ] ::1 /IHG/index.php/home/index/index?category=%E5%86%B7%E8%8F%9C
INFO: [ app_init ] --START--
INFO: Run Behavior\BuildLiteBehavior [ RunTime:0.000149s ]
INFO: [ app_init ] --END-- [ RunTime:0.003893s ]
INFO: [ app_begin ] --START--
INFO: Run Behavior\ReadHtmlCacheBehavior [ RunTime:0.006858s ]
INFO: [ app_begin ] --END-- [ RunTime:0.014207s ]
NOTIC: [8] Undefined index: title E:\WAMPSERVER\wamp\www\IHG\Application\Home\Controller\IndexController.class.php 第 7 行.
NOTIC: [8] Undefined index: p E:\WAMPSERVER\wamp\www\IHG\Application\Home\Controller\IndexController.class.php 第 8 行.
NOTIC: [8192] mysql_connect(): The mysql extension is deprecated and will be removed in the future: use mysqli or PDO instead E:\WAMPSERVER\wamp\www\IHG\ThinkPHP\Library\Think\Db\Driver\Mysql.class.php 第 52 行.
SQL: SHOW COLUMNS FROM `ihg_page` [ RunTime:0.016248s ]
ERR: 1146:La table 't1.ihg_page' n'existe pas
 [ SQL语句 ] : SHOW COLUMNS FROM `ihg_page`
SQL: SHOW COLUMNS FROM `ihg_menu` [ RunTime:0.018431s ]
SQL: SELECT COUNT(*) AS tp_count FROM `ihg_menu` WHERE ( category="冷菜" ) LIMIT 1   [ RunTime:0.001012s ]
SQL: SHOW COLUMNS FROM `ihg_position` [ RunTime:0.019341s ]
SQL: SELECT * FROM `ihg_position` ORDER BY time desc LIMIT 2   [ RunTime:0.001715s ]
SQL: SELECT * FROM `ihg_menu` WHERE ( category="冷菜" ) LIMIT 0,8   [ RunTime:0.001113s ]
SQL: SHOW COLUMNS FROM `ihg_nav` [ RunTime:0.023847s ]
SQL: SELECT * FROM `ihg_nav`  [ RunTime:0.000983s ]
INFO: [ view_parse ] --START--
INFO: [ template_filter ] --START--
INFO: Run Behavior\ContentReplaceBehavior [ RunTime:0.002080s ]
INFO: [ template_filter ] --END-- [ RunTime:0.005503s ]
INFO: Run Behavior\ParseTemplateBehavior [ RunTime:0.154909s ]
INFO: [ view_parse ] --END-- [ RunTime:0.158099s ]
INFO: [ view_filter ] --START--
INFO: Run Behavior\WriteHtmlCacheBehavior [ RunTime:0.004493s ]
INFO: [ view_filter ] --END-- [ RunTime:0.005262s ]
INFO: [ app_end ] --START--
INFO: Run Behavior\ShowPageTraceBehavior [ RunTime:0.007841s ]
INFO: [ app_end ] --END-- [ RunTime:0.013229s ]

